2018/10/01 16:58:03>SQL EXECUTE錯誤: insert into lav_test.rm_pay_type (TRANS_NO,POS_ID , TENDER, KEEPCHANGE, SALES_DATE, OVER_PAY, USE_BONUS, SEC_NO, APPROVAL_CODE, SEC_TYPE )values ('2', '0001', '4', '4.000000', '2018-09-27', '4.000000', '4', '2148579513547865', '4'), '4'
MySql.Data.MySqlClient.MySqlException (0x80004005): You have an error in your SQL syntax; check the manual that corresponds to your MariaDB server version for the right syntax to use near ''4'' at line 1
   於 MySql.Data.MySqlClient.MySqlStream.ReadPacket()
   於 MySql.Data.MySqlClient.NativeDriver.GetResult(Int32& affectedRow, Int64& insertedId)
   於 MySql.Data.MySqlClient.Driver.GetResult(Int32 statementId, Int32& affectedRows, Int64& insertedId)
   於 MySql.Data.MySqlClient.Driver.NextResult(Int32 statementId, Boolean force)
   於 MySql.Data.MySqlClient.MySqlDataReader.NextResult()
   於 MySql.Data.MySqlClient.MySqlCommand.ExecuteReader(CommandBehavior behavior)
   於 MySql.Data.MySqlClient.MySqlCommand.ExecuteReader()
   於 MySql.Data.MySqlClient.MySqlCommand.ExecuteNonQuery()
   於 AppWebAPI.Adapters.MariaDB.UpdData(String strSql, MySqlConnection conn, MySqlTransaction trans)
2018/10/01 17:00:16>SQL EXECUTE錯誤: insert into lav_test.rm_pay_type (TRANS_NO,POS_ID , TENDER, KEEPCHANGE, SALES_DATE, OVER_PAY, USE_BONUS, SEC_NO, APPROVAL_CODE, SEC_TYPE )values ('2', '0001', '4', '4.000000', '2018-09-27', '4.000000', '4', '2148579513547865', '4'), '4')
MySql.Data.MySqlClient.MySqlException (0x80004005): You have an error in your SQL syntax; check the manual that corresponds to your MariaDB server version for the right syntax to use near ''4')' at line 1
   於 MySql.Data.MySqlClient.MySqlStream.ReadPacket()
   於 MySql.Data.MySqlClient.NativeDriver.GetResult(Int32& affectedRow, Int64& insertedId)
   於 MySql.Data.MySqlClient.Driver.GetResult(Int32 statementId, Int32& affectedRows, Int64& insertedId)
   於 MySql.Data.MySqlClient.Driver.NextResult(Int32 statementId, Boolean force)
   於 MySql.Data.MySqlClient.MySqlDataReader.NextResult()
   於 MySql.Data.MySqlClient.MySqlCommand.ExecuteReader(CommandBehavior behavior)
   於 MySql.Data.MySqlClient.MySqlCommand.ExecuteReader()
   於 MySql.Data.MySqlClient.MySqlCommand.ExecuteNonQuery()
   於 AppWebAPI.Adapters.MariaDB.UpdData(String strSql, MySqlConnection conn, MySqlTransaction trans)
2018/10/01 17:02:31>SQL EXECUTE錯誤: insert into lav_test.rm_prod_sales_d ( TRANS_NO, ND_TYPE, GOODS_NAME, SELL_PRICE, QTY, LIST_PRICE, PRIMARY_CATEGORY, SECONDARY_CATEGORY, MINOR_CATEGORY, SHOP_ID)values ('2', '3', '3', '3.000000', '3.000000', '3.000000', '3', '3', '3')
MySql.Data.MySqlClient.MySqlException (0x80004005): Column count doesn't match value count at row 1
   於 MySql.Data.MySqlClient.MySqlStream.ReadPacket()
   於 MySql.Data.MySqlClient.NativeDriver.GetResult(Int32& affectedRow, Int64& insertedId)
   於 MySql.Data.MySqlClient.Driver.GetResult(Int32 statementId, Int32& affectedRows, Int64& insertedId)
   於 MySql.Data.MySqlClient.Driver.NextResult(Int32 statementId, Boolean force)
   於 MySql.Data.MySqlClient.MySqlDataReader.NextResult()
   於 MySql.Data.MySqlClient.MySqlCommand.ExecuteReader(CommandBehavior behavior)
   於 MySql.Data.MySqlClient.MySqlCommand.ExecuteReader()
   於 MySql.Data.MySqlClient.MySqlCommand.ExecuteNonQuery()
   於 AppWebAPI.Adapters.MariaDB.UpdData(String strSql, MySqlConnection conn, MySqlTransaction trans)
