2017/09/07 13:32:54>SC00008.
2017/09/07 13:33:28>SQL EXECUTE錯誤: INSERT INTO TCPOS_HQ.PAYMENT (intPaymentNo, strBOPaymentName, SHOP_ID, TC_PAYMENT_ID)
                                                    VALUES ('0', '現金', 'SC02008', '10')
System.Data.OleDb.OleDbException (0x80040E37): ORA-00942: table or view does not exist
   於 System.Data.OleDb.OleDbCommand.ExecuteCommandTextErrorHandling(OleDbHResult hr)
   於 System.Data.OleDb.OleDbCommand.ExecuteCommandTextForMultpleResults(tagDBPARAMS dbParams, Object& executeResult)
   於 System.Data.OleDb.OleDbCommand.ExecuteCommandText(Object& executeResult)
   於 System.Data.OleDb.OleDbCommand.ExecuteCommand(CommandBehavior behavior, Object& executeResult)
   於 System.Data.OleDb.OleDbCommand.ExecuteReaderInternal(CommandBehavior behavior, String method)
   於 System.Data.OleDb.OleDbCommand.ExecuteNonQuery()
   於 RSL.EDI.UTIL.ClassDB.UpdData(String strSql)
2017/09/07 13:33:29>SQL EXECUTE錯誤: INSERT INTO TCPOS_HQ.PAYMENT (intPaymentNo, strBOPaymentName, SHOP_ID, TC_PAYMENT_ID)
                                                    VALUES ('1', '連線卡', 'SC02008', '41')
System.Data.OleDb.OleDbException (0x80040E37): ORA-00942: table or view does not exist
   於 System.Data.OleDb.OleDbCommand.ExecuteCommandTextErrorHandling(OleDbHResult hr)
   於 System.Data.OleDb.OleDbCommand.ExecuteCommandTextForMultpleResults(tagDBPARAMS dbParams, Object& executeResult)
   於 System.Data.OleDb.OleDbCommand.ExecuteCommandText(Object& executeResult)
   於 System.Data.OleDb.OleDbCommand.ExecuteCommand(CommandBehavior behavior, Object& executeResult)
   於 System.Data.OleDb.OleDbCommand.ExecuteReaderInternal(CommandBehavior behavior, String method)
   於 System.Data.OleDb.OleDbCommand.ExecuteNonQuery()
   於 RSL.EDI.UTIL.ClassDB.UpdData(String strSql)
2017/09/07 13:33:29>SQL EXECUTE錯誤: INSERT INTO TCPOS_HQ.PAYMENT (intPaymentNo, strBOPaymentName, SHOP_ID, TC_PAYMENT_ID)
                                                    VALUES ('2', '離線卡', 'SC02008', '42')
System.Data.OleDb.OleDbException (0x80040E37): ORA-00942: table or view does not exist
   於 System.Data.OleDb.OleDbCommand.ExecuteCommandTextErrorHandling(OleDbHResult hr)
   於 System.Data.OleDb.OleDbCommand.ExecuteCommandTextForMultpleResults(tagDBPARAMS dbParams, Object& executeResult)
   於 System.Data.OleDb.OleDbCommand.ExecuteCommandText(Object& executeResult)
   於 System.Data.OleDb.OleDbCommand.ExecuteCommand(CommandBehavior behavior, Object& executeResult)
   於 System.Data.OleDb.OleDbCommand.ExecuteReaderInternal(CommandBehavior behavior, String method)
   於 System.Data.OleDb.OleDbCommand.ExecuteNonQuery()
   於 RSL.EDI.UTIL.ClassDB.UpdData(String strSql)
2017/09/07 13:33:29>SQL EXECUTE錯誤: INSERT INTO TCPOS_HQ.PAYMENT (intPaymentNo, strBOPaymentName, SHOP_ID, TC_PAYMENT_ID)
                                                    VALUES ('3', '微信支付(連線)', 'SC02008', '80')
System.Data.OleDb.OleDbException (0x80040E37): ORA-00942: table or view does not exist
   於 System.Data.OleDb.OleDbCommand.ExecuteCommandTextErrorHandling(OleDbHResult hr)
   於 System.Data.OleDb.OleDbCommand.ExecuteCommandTextForMultpleResults(tagDBPARAMS dbParams, Object& executeResult)
   於 System.Data.OleDb.OleDbCommand.ExecuteCommandText(Object& executeResult)
   於 System.Data.OleDb.OleDbCommand.ExecuteCommand(CommandBehavior behavior, Object& executeResult)
   於 System.Data.OleDb.OleDbCommand.ExecuteReaderInternal(CommandBehavior behavior, String method)
   於 System.Data.OleDb.OleDbCommand.ExecuteNonQuery()
   於 RSL.EDI.UTIL.ClassDB.UpdData(String strSql)
2017/09/07 13:33:29>SQL EXECUTE錯誤: INSERT INTO TCPOS_HQ.PAYMENT (intPaymentNo, strBOPaymentName, SHOP_ID, TC_PAYMENT_ID)
                                                    VALUES ('4', '微信支付(離線)', 'SC02008', '81')
System.Data.OleDb.OleDbException (0x80040E37): ORA-00942: table or view does not exist
   於 System.Data.OleDb.OleDbCommand.ExecuteCommandTextErrorHandling(OleDbHResult hr)
   於 System.Data.OleDb.OleDbCommand.ExecuteCommandTextForMultpleResults(tagDBPARAMS dbParams, Object& executeResult)
   於 System.Data.OleDb.OleDbCommand.ExecuteCommandText(Object& executeResult)
   於 System.Data.OleDb.OleDbCommand.ExecuteCommand(CommandBehavior behavior, Object& executeResult)
   於 System.Data.OleDb.OleDbCommand.ExecuteReaderInternal(CommandBehavior behavior, String method)
   於 System.Data.OleDb.OleDbCommand.ExecuteNonQuery()
   於 RSL.EDI.UTIL.ClassDB.UpdData(String strSql)
2017/09/07 13:33:30>SQL EXECUTE錯誤: INSERT INTO TCPOS_HQ.PAYMENT (intPaymentNo, strBOPaymentName, SHOP_ID, TC_PAYMENT_ID)
                                                    VALUES ('5', '支付寶(連線)', 'SC02008', '82')
System.Data.OleDb.OleDbException (0x80040E37): ORA-00942: table or view does not exist
   於 System.Data.OleDb.OleDbCommand.ExecuteCommandTextErrorHandling(OleDbHResult hr)
   於 System.Data.OleDb.OleDbCommand.ExecuteCommandTextForMultpleResults(tagDBPARAMS dbParams, Object& executeResult)
   於 System.Data.OleDb.OleDbCommand.ExecuteCommandText(Object& executeResult)
   於 System.Data.OleDb.OleDbCommand.ExecuteCommand(CommandBehavior behavior, Object& executeResult)
   於 System.Data.OleDb.OleDbCommand.ExecuteReaderInternal(CommandBehavior behavior, String method)
   於 System.Data.OleDb.OleDbCommand.ExecuteNonQuery()
   於 RSL.EDI.UTIL.ClassDB.UpdData(String strSql)
2017/09/07 13:33:30>SQL EXECUTE錯誤: INSERT INTO TCPOS_HQ.PAYMENT (intPaymentNo, strBOPaymentName, SHOP_ID, TC_PAYMENT_ID)
                                                    VALUES ('6', '支付寶(離線)', 'SC02008', '83')
System.Data.OleDb.OleDbException (0x80040E37): ORA-00942: table or view does not exist
   於 System.Data.OleDb.OleDbCommand.ExecuteCommandTextErrorHandling(OleDbHResult hr)
   於 System.Data.OleDb.OleDbCommand.ExecuteCommandTextForMultpleResults(tagDBPARAMS dbParams, Object& executeResult)
   於 System.Data.OleDb.OleDbCommand.ExecuteCommandText(Object& executeResult)
   於 System.Data.OleDb.OleDbCommand.ExecuteCommand(CommandBehavior behavior, Object& executeResult)
   於 System.Data.OleDb.OleDbCommand.ExecuteReaderInternal(CommandBehavior behavior, String method)
   於 System.Data.OleDb.OleDbCommand.ExecuteNonQuery()
   於 RSL.EDI.UTIL.ClassDB.UpdData(String strSql)
2017/09/07 13:33:30>SC00013.
2017/09/07 13:38:03>SC00008.
2017/09/07 13:38:36>SQL EXECUTE錯誤: INSERT INTO TCPOS_HQ.PAYMENT (intPaymentNo, strBOPaymentName, SHOP_ID, TC_PAYMENT_ID)
                                                    VALUES ('0', '現金', 'SC02008', '10')
System.Data.OleDb.OleDbException (0x80040E37): ORA-00942: table or view does not exist
   於 System.Data.OleDb.OleDbCommand.ExecuteCommandTextErrorHandling(OleDbHResult hr)
   於 System.Data.OleDb.OleDbCommand.ExecuteCommandTextForMultpleResults(tagDBPARAMS dbParams, Object& executeResult)
   於 System.Data.OleDb.OleDbCommand.ExecuteCommandText(Object& executeResult)
   於 System.Data.OleDb.OleDbCommand.ExecuteCommand(CommandBehavior behavior, Object& executeResult)
   於 System.Data.OleDb.OleDbCommand.ExecuteReaderInternal(CommandBehavior behavior, String method)
   於 System.Data.OleDb.OleDbCommand.ExecuteNonQuery()
   於 RSL.EDI.UTIL.ClassDB.UpdData(String strSql)
2017/09/07 13:38:36>SQL EXECUTE錯誤: INSERT INTO TCPOS_HQ.PAYMENT (intPaymentNo, strBOPaymentName, SHOP_ID, TC_PAYMENT_ID)
                                                    VALUES ('1', '連線卡', 'SC02008', '41')
System.Data.OleDb.OleDbException (0x80040E37): ORA-00942: table or view does not exist
   於 System.Data.OleDb.OleDbCommand.ExecuteCommandTextErrorHandling(OleDbHResult hr)
   於 System.Data.OleDb.OleDbCommand.ExecuteCommandTextForMultpleResults(tagDBPARAMS dbParams, Object& executeResult)
   於 System.Data.OleDb.OleDbCommand.ExecuteCommandText(Object& executeResult)
   於 System.Data.OleDb.OleDbCommand.ExecuteCommand(CommandBehavior behavior, Object& executeResult)
   於 System.Data.OleDb.OleDbCommand.ExecuteReaderInternal(CommandBehavior behavior, String method)
   於 System.Data.OleDb.OleDbCommand.ExecuteNonQuery()
   於 RSL.EDI.UTIL.ClassDB.UpdData(String strSql)
2017/09/07 13:38:36>SQL EXECUTE錯誤: INSERT INTO TCPOS_HQ.PAYMENT (intPaymentNo, strBOPaymentName, SHOP_ID, TC_PAYMENT_ID)
                                                    VALUES ('2', '離線卡', 'SC02008', '42')
System.Data.OleDb.OleDbException (0x80040E37): ORA-00942: table or view does not exist
   於 System.Data.OleDb.OleDbCommand.ExecuteCommandTextErrorHandling(OleDbHResult hr)
   於 System.Data.OleDb.OleDbCommand.ExecuteCommandTextForMultpleResults(tagDBPARAMS dbParams, Object& executeResult)
   於 System.Data.OleDb.OleDbCommand.ExecuteCommandText(Object& executeResult)
   於 System.Data.OleDb.OleDbCommand.ExecuteCommand(CommandBehavior behavior, Object& executeResult)
   於 System.Data.OleDb.OleDbCommand.ExecuteReaderInternal(CommandBehavior behavior, String method)
   於 System.Data.OleDb.OleDbCommand.ExecuteNonQuery()
   於 RSL.EDI.UTIL.ClassDB.UpdData(String strSql)
2017/09/07 13:38:36>SQL EXECUTE錯誤: INSERT INTO TCPOS_HQ.PAYMENT (intPaymentNo, strBOPaymentName, SHOP_ID, TC_PAYMENT_ID)
                                                    VALUES ('3', '微信支付(連線)', 'SC02008', '80')
System.Data.OleDb.OleDbException (0x80040E37): ORA-00942: table or view does not exist
   於 System.Data.OleDb.OleDbCommand.ExecuteCommandTextErrorHandling(OleDbHResult hr)
   於 System.Data.OleDb.OleDbCommand.ExecuteCommandTextForMultpleResults(tagDBPARAMS dbParams, Object& executeResult)
   於 System.Data.OleDb.OleDbCommand.ExecuteCommandText(Object& executeResult)
   於 System.Data.OleDb.OleDbCommand.ExecuteCommand(CommandBehavior behavior, Object& executeResult)
   於 System.Data.OleDb.OleDbCommand.ExecuteReaderInternal(CommandBehavior behavior, String method)
   於 System.Data.OleDb.OleDbCommand.ExecuteNonQuery()
   於 RSL.EDI.UTIL.ClassDB.UpdData(String strSql)
2017/09/07 13:38:36>SQL EXECUTE錯誤: INSERT INTO TCPOS_HQ.PAYMENT (intPaymentNo, strBOPaymentName, SHOP_ID, TC_PAYMENT_ID)
                                                    VALUES ('4', '微信支付(離線)', 'SC02008', '81')
System.Data.OleDb.OleDbException (0x80040E37): ORA-00942: table or view does not exist
   於 System.Data.OleDb.OleDbCommand.ExecuteCommandTextErrorHandling(OleDbHResult hr)
   於 System.Data.OleDb.OleDbCommand.ExecuteCommandTextForMultpleResults(tagDBPARAMS dbParams, Object& executeResult)
   於 System.Data.OleDb.OleDbCommand.ExecuteCommandText(Object& executeResult)
   於 System.Data.OleDb.OleDbCommand.ExecuteCommand(CommandBehavior behavior, Object& executeResult)
   於 System.Data.OleDb.OleDbCommand.ExecuteReaderInternal(CommandBehavior behavior, String method)
   於 System.Data.OleDb.OleDbCommand.ExecuteNonQuery()
   於 RSL.EDI.UTIL.ClassDB.UpdData(String strSql)
2017/09/07 13:38:37>SQL EXECUTE錯誤: INSERT INTO TCPOS_HQ.PAYMENT (intPaymentNo, strBOPaymentName, SHOP_ID, TC_PAYMENT_ID)
                                                    VALUES ('5', '支付寶(連線)', 'SC02008', '82')
System.Data.OleDb.OleDbException (0x80040E37): ORA-00942: table or view does not exist
   於 System.Data.OleDb.OleDbCommand.ExecuteCommandTextErrorHandling(OleDbHResult hr)
   於 System.Data.OleDb.OleDbCommand.ExecuteCommandTextForMultpleResults(tagDBPARAMS dbParams, Object& executeResult)
   於 System.Data.OleDb.OleDbCommand.ExecuteCommandText(Object& executeResult)
   於 System.Data.OleDb.OleDbCommand.ExecuteCommand(CommandBehavior behavior, Object& executeResult)
   於 System.Data.OleDb.OleDbCommand.ExecuteReaderInternal(CommandBehavior behavior, String method)
   於 System.Data.OleDb.OleDbCommand.ExecuteNonQuery()
   於 RSL.EDI.UTIL.ClassDB.UpdData(String strSql)
2017/09/07 13:38:37>SQL EXECUTE錯誤: INSERT INTO TCPOS_HQ.PAYMENT (intPaymentNo, strBOPaymentName, SHOP_ID, TC_PAYMENT_ID)
                                                    VALUES ('6', '支付寶(離線)', 'SC02008', '83')
System.Data.OleDb.OleDbException (0x80040E37): ORA-00942: table or view does not exist
   於 System.Data.OleDb.OleDbCommand.ExecuteCommandTextErrorHandling(OleDbHResult hr)
   於 System.Data.OleDb.OleDbCommand.ExecuteCommandTextForMultpleResults(tagDBPARAMS dbParams, Object& executeResult)
   於 System.Data.OleDb.OleDbCommand.ExecuteCommandText(Object& executeResult)
   於 System.Data.OleDb.OleDbCommand.ExecuteCommand(CommandBehavior behavior, Object& executeResult)
   於 System.Data.OleDb.OleDbCommand.ExecuteReaderInternal(CommandBehavior behavior, String method)
   於 System.Data.OleDb.OleDbCommand.ExecuteNonQuery()
   於 RSL.EDI.UTIL.ClassDB.UpdData(String strSql)
2017/09/07 13:38:37>SC00013.
2017/09/07 14:17:25>SC00008.
2017/09/07 14:57:20>SC00008.
2017/09/07 15:00:12>SQL EXECUTE錯誤: INSERT INTO TCPOS_HQ.PAYMENT (intPaymentNo, strBOPaymentName, SHOP_ID, TC_PAYMENT_ID)
                                                    VALUES ('0', '現金', 'SC02008', '10')
System.Data.OleDb.OleDbException (0x80040E37): ORA-00942: table or view does not exist
   於 System.Data.OleDb.OleDbCommand.ExecuteCommandTextErrorHandling(OleDbHResult hr)
   於 System.Data.OleDb.OleDbCommand.ExecuteCommandTextForMultpleResults(tagDBPARAMS dbParams, Object& executeResult)
   於 System.Data.OleDb.OleDbCommand.ExecuteCommandText(Object& executeResult)
   於 System.Data.OleDb.OleDbCommand.ExecuteCommand(CommandBehavior behavior, Object& executeResult)
   於 System.Data.OleDb.OleDbCommand.ExecuteReaderInternal(CommandBehavior behavior, String method)
   於 System.Data.OleDb.OleDbCommand.ExecuteNonQuery()
   於 RSL.EDI.UTIL.ClassDB.UpdData(String strSql)
2017/09/07 15:00:13>SQL EXECUTE錯誤: INSERT INTO TCPOS_HQ.PAYMENT (intPaymentNo, strBOPaymentName, SHOP_ID, TC_PAYMENT_ID)
                                                    VALUES ('1', '連線卡', 'SC02008', '41')
System.Data.OleDb.OleDbException (0x80040E37): ORA-00942: table or view does not exist
   於 System.Data.OleDb.OleDbCommand.ExecuteCommandTextErrorHandling(OleDbHResult hr)
   於 System.Data.OleDb.OleDbCommand.ExecuteCommandTextForMultpleResults(tagDBPARAMS dbParams, Object& executeResult)
   於 System.Data.OleDb.OleDbCommand.ExecuteCommandText(Object& executeResult)
   於 System.Data.OleDb.OleDbCommand.ExecuteCommand(CommandBehavior behavior, Object& executeResult)
   於 System.Data.OleDb.OleDbCommand.ExecuteReaderInternal(CommandBehavior behavior, String method)
   於 System.Data.OleDb.OleDbCommand.ExecuteNonQuery()
   於 RSL.EDI.UTIL.ClassDB.UpdData(String strSql)
2017/09/07 15:00:13>SQL EXECUTE錯誤: INSERT INTO TCPOS_HQ.PAYMENT (intPaymentNo, strBOPaymentName, SHOP_ID, TC_PAYMENT_ID)
                                                    VALUES ('2', '離線卡', 'SC02008', '42')
System.Data.OleDb.OleDbException (0x80040E37): ORA-00942: table or view does not exist
   於 System.Data.OleDb.OleDbCommand.ExecuteCommandTextErrorHandling(OleDbHResult hr)
   於 System.Data.OleDb.OleDbCommand.ExecuteCommandTextForMultpleResults(tagDBPARAMS dbParams, Object& executeResult)
   於 System.Data.OleDb.OleDbCommand.ExecuteCommandText(Object& executeResult)
   於 System.Data.OleDb.OleDbCommand.ExecuteCommand(CommandBehavior behavior, Object& executeResult)
   於 System.Data.OleDb.OleDbCommand.ExecuteReaderInternal(CommandBehavior behavior, String method)
   於 System.Data.OleDb.OleDbCommand.ExecuteNonQuery()
   於 RSL.EDI.UTIL.ClassDB.UpdData(String strSql)
2017/09/07 15:00:13>SQL EXECUTE錯誤: INSERT INTO TCPOS_HQ.PAYMENT (intPaymentNo, strBOPaymentName, SHOP_ID, TC_PAYMENT_ID)
                                                    VALUES ('3', '微信支付(連線)', 'SC02008', '80')
System.Data.OleDb.OleDbException (0x80040E37): ORA-00942: table or view does not exist
   於 System.Data.OleDb.OleDbCommand.ExecuteCommandTextErrorHandling(OleDbHResult hr)
   於 System.Data.OleDb.OleDbCommand.ExecuteCommandTextForMultpleResults(tagDBPARAMS dbParams, Object& executeResult)
   於 System.Data.OleDb.OleDbCommand.ExecuteCommandText(Object& executeResult)
   於 System.Data.OleDb.OleDbCommand.ExecuteCommand(CommandBehavior behavior, Object& executeResult)
   於 System.Data.OleDb.OleDbCommand.ExecuteReaderInternal(CommandBehavior behavior, String method)
   於 System.Data.OleDb.OleDbCommand.ExecuteNonQuery()
   於 RSL.EDI.UTIL.ClassDB.UpdData(String strSql)
2017/09/07 15:00:13>SQL EXECUTE錯誤: INSERT INTO TCPOS_HQ.PAYMENT (intPaymentNo, strBOPaymentName, SHOP_ID, TC_PAYMENT_ID)
                                                    VALUES ('4', '微信支付(離線)', 'SC02008', '81')
System.Data.OleDb.OleDbException (0x80040E37): ORA-00942: table or view does not exist
   於 System.Data.OleDb.OleDbCommand.ExecuteCommandTextErrorHandling(OleDbHResult hr)
   於 System.Data.OleDb.OleDbCommand.ExecuteCommandTextForMultpleResults(tagDBPARAMS dbParams, Object& executeResult)
   於 System.Data.OleDb.OleDbCommand.ExecuteCommandText(Object& executeResult)
   於 System.Data.OleDb.OleDbCommand.ExecuteCommand(CommandBehavior behavior, Object& executeResult)
   於 System.Data.OleDb.OleDbCommand.ExecuteReaderInternal(CommandBehavior behavior, String method)
   於 System.Data.OleDb.OleDbCommand.ExecuteNonQuery()
   於 RSL.EDI.UTIL.ClassDB.UpdData(String strSql)
2017/09/07 15:00:14>SQL EXECUTE錯誤: INSERT INTO TCPOS_HQ.PAYMENT (intPaymentNo, strBOPaymentName, SHOP_ID, TC_PAYMENT_ID)
                                                    VALUES ('5', '支付寶(連線)', 'SC02008', '82')
System.Data.OleDb.OleDbException (0x80040E37): ORA-00942: table or view does not exist
   於 System.Data.OleDb.OleDbCommand.ExecuteCommandTextErrorHandling(OleDbHResult hr)
   於 System.Data.OleDb.OleDbCommand.ExecuteCommandTextForMultpleResults(tagDBPARAMS dbParams, Object& executeResult)
   於 System.Data.OleDb.OleDbCommand.ExecuteCommandText(Object& executeResult)
   於 System.Data.OleDb.OleDbCommand.ExecuteCommand(CommandBehavior behavior, Object& executeResult)
   於 System.Data.OleDb.OleDbCommand.ExecuteReaderInternal(CommandBehavior behavior, String method)
   於 System.Data.OleDb.OleDbCommand.ExecuteNonQuery()
   於 RSL.EDI.UTIL.ClassDB.UpdData(String strSql)
2017/09/07 15:00:14>SQL EXECUTE錯誤: INSERT INTO TCPOS_HQ.PAYMENT (intPaymentNo, strBOPaymentName, SHOP_ID, TC_PAYMENT_ID)
                                                    VALUES ('6', '支付寶(離線)', 'SC02008', '83')
System.Data.OleDb.OleDbException (0x80040E37): ORA-00942: table or view does not exist
   於 System.Data.OleDb.OleDbCommand.ExecuteCommandTextErrorHandling(OleDbHResult hr)
   於 System.Data.OleDb.OleDbCommand.ExecuteCommandTextForMultpleResults(tagDBPARAMS dbParams, Object& executeResult)
   於 System.Data.OleDb.OleDbCommand.ExecuteCommandText(Object& executeResult)
   於 System.Data.OleDb.OleDbCommand.ExecuteCommand(CommandBehavior behavior, Object& executeResult)
   於 System.Data.OleDb.OleDbCommand.ExecuteReaderInternal(CommandBehavior behavior, String method)
   於 System.Data.OleDb.OleDbCommand.ExecuteNonQuery()
   於 RSL.EDI.UTIL.ClassDB.UpdData(String strSql)
2017/09/07 15:00:14>SC00013.
2017/09/07 15:15:09>SC00008.
2017/09/07 15:18:02>SQL EXECUTE錯誤: INSERT INTO TCPOS_HQ.PAYMENT (intPaymentNo, strBOPaymentName, SHOP_ID, TC_PAYMENT_ID)
                                                    VALUES ('0', '現金', 'SC02008', '10')
System.Data.OleDb.OleDbException (0x80040E37): ORA-00942: table or view does not exist
   於 System.Data.OleDb.OleDbCommand.ExecuteCommandTextErrorHandling(OleDbHResult hr)
   於 System.Data.OleDb.OleDbCommand.ExecuteCommandTextForMultpleResults(tagDBPARAMS dbParams, Object& executeResult)
   於 System.Data.OleDb.OleDbCommand.ExecuteCommandText(Object& executeResult)
   於 System.Data.OleDb.OleDbCommand.ExecuteCommand(CommandBehavior behavior, Object& executeResult)
   於 System.Data.OleDb.OleDbCommand.ExecuteReaderInternal(CommandBehavior behavior, String method)
   於 System.Data.OleDb.OleDbCommand.ExecuteNonQuery()
   於 RSL.EDI.UTIL.ClassDB.UpdData(String strSql)
2017/09/07 15:18:02>SQL EXECUTE錯誤: INSERT INTO TCPOS_HQ.PAYMENT (intPaymentNo, strBOPaymentName, SHOP_ID, TC_PAYMENT_ID)
                                                    VALUES ('1', '連線卡', 'SC02008', '41')
System.Data.OleDb.OleDbException (0x80040E37): ORA-00942: table or view does not exist
   於 System.Data.OleDb.OleDbCommand.ExecuteCommandTextErrorHandling(OleDbHResult hr)
   於 System.Data.OleDb.OleDbCommand.ExecuteCommandTextForMultpleResults(tagDBPARAMS dbParams, Object& executeResult)
   於 System.Data.OleDb.OleDbCommand.ExecuteCommandText(Object& executeResult)
   於 System.Data.OleDb.OleDbCommand.ExecuteCommand(CommandBehavior behavior, Object& executeResult)
   於 System.Data.OleDb.OleDbCommand.ExecuteReaderInternal(CommandBehavior behavior, String method)
   於 System.Data.OleDb.OleDbCommand.ExecuteNonQuery()
   於 RSL.EDI.UTIL.ClassDB.UpdData(String strSql)
2017/09/07 15:18:02>SQL EXECUTE錯誤: INSERT INTO TCPOS_HQ.PAYMENT (intPaymentNo, strBOPaymentName, SHOP_ID, TC_PAYMENT_ID)
                                                    VALUES ('2', '離線卡', 'SC02008', '42')
System.Data.OleDb.OleDbException (0x80040E37): ORA-00942: table or view does not exist
   於 System.Data.OleDb.OleDbCommand.ExecuteCommandTextErrorHandling(OleDbHResult hr)
   於 System.Data.OleDb.OleDbCommand.ExecuteCommandTextForMultpleResults(tagDBPARAMS dbParams, Object& executeResult)
   於 System.Data.OleDb.OleDbCommand.ExecuteCommandText(Object& executeResult)
   於 System.Data.OleDb.OleDbCommand.ExecuteCommand(CommandBehavior behavior, Object& executeResult)
   於 System.Data.OleDb.OleDbCommand.ExecuteReaderInternal(CommandBehavior behavior, String method)
   於 System.Data.OleDb.OleDbCommand.ExecuteNonQuery()
   於 RSL.EDI.UTIL.ClassDB.UpdData(String strSql)
2017/09/07 15:18:02>SQL EXECUTE錯誤: INSERT INTO TCPOS_HQ.PAYMENT (intPaymentNo, strBOPaymentName, SHOP_ID, TC_PAYMENT_ID)
                                                    VALUES ('3', '微信支付(連線)', 'SC02008', '80')
System.Data.OleDb.OleDbException (0x80040E37): ORA-00942: table or view does not exist
   於 System.Data.OleDb.OleDbCommand.ExecuteCommandTextErrorHandling(OleDbHResult hr)
   於 System.Data.OleDb.OleDbCommand.ExecuteCommandTextForMultpleResults(tagDBPARAMS dbParams, Object& executeResult)
   於 System.Data.OleDb.OleDbCommand.ExecuteCommandText(Object& executeResult)
   於 System.Data.OleDb.OleDbCommand.ExecuteCommand(CommandBehavior behavior, Object& executeResult)
   於 System.Data.OleDb.OleDbCommand.ExecuteReaderInternal(CommandBehavior behavior, String method)
   於 System.Data.OleDb.OleDbCommand.ExecuteNonQuery()
   於 RSL.EDI.UTIL.ClassDB.UpdData(String strSql)
2017/09/07 15:18:02>SQL EXECUTE錯誤: INSERT INTO TCPOS_HQ.PAYMENT (intPaymentNo, strBOPaymentName, SHOP_ID, TC_PAYMENT_ID)
                                                    VALUES ('4', '微信支付(離線)', 'SC02008', '81')
System.Data.OleDb.OleDbException (0x80040E37): ORA-00942: table or view does not exist
   於 System.Data.OleDb.OleDbCommand.ExecuteCommandTextErrorHandling(OleDbHResult hr)
   於 System.Data.OleDb.OleDbCommand.ExecuteCommandTextForMultpleResults(tagDBPARAMS dbParams, Object& executeResult)
   於 System.Data.OleDb.OleDbCommand.ExecuteCommandText(Object& executeResult)
   於 System.Data.OleDb.OleDbCommand.ExecuteCommand(CommandBehavior behavior, Object& executeResult)
   於 System.Data.OleDb.OleDbCommand.ExecuteReaderInternal(CommandBehavior behavior, String method)
   於 System.Data.OleDb.OleDbCommand.ExecuteNonQuery()
   於 RSL.EDI.UTIL.ClassDB.UpdData(String strSql)
2017/09/07 15:18:03>SQL EXECUTE錯誤: INSERT INTO TCPOS_HQ.PAYMENT (intPaymentNo, strBOPaymentName, SHOP_ID, TC_PAYMENT_ID)
                                                    VALUES ('5', '支付寶(連線)', 'SC02008', '82')
System.Data.OleDb.OleDbException (0x80040E37): ORA-00942: table or view does not exist
   於 System.Data.OleDb.OleDbCommand.ExecuteCommandTextErrorHandling(OleDbHResult hr)
   於 System.Data.OleDb.OleDbCommand.ExecuteCommandTextForMultpleResults(tagDBPARAMS dbParams, Object& executeResult)
   於 System.Data.OleDb.OleDbCommand.ExecuteCommandText(Object& executeResult)
   於 System.Data.OleDb.OleDbCommand.ExecuteCommand(CommandBehavior behavior, Object& executeResult)
   於 System.Data.OleDb.OleDbCommand.ExecuteReaderInternal(CommandBehavior behavior, String method)
   於 System.Data.OleDb.OleDbCommand.ExecuteNonQuery()
   於 RSL.EDI.UTIL.ClassDB.UpdData(String strSql)
2017/09/07 15:18:03>SQL EXECUTE錯誤: INSERT INTO TCPOS_HQ.PAYMENT (intPaymentNo, strBOPaymentName, SHOP_ID, TC_PAYMENT_ID)
                                                    VALUES ('6', '支付寶(離線)', 'SC02008', '83')
System.Data.OleDb.OleDbException (0x80040E37): ORA-00942: table or view does not exist
   於 System.Data.OleDb.OleDbCommand.ExecuteCommandTextErrorHandling(OleDbHResult hr)
   於 System.Data.OleDb.OleDbCommand.ExecuteCommandTextForMultpleResults(tagDBPARAMS dbParams, Object& executeResult)
   於 System.Data.OleDb.OleDbCommand.ExecuteCommandText(Object& executeResult)
   於 System.Data.OleDb.OleDbCommand.ExecuteCommand(CommandBehavior behavior, Object& executeResult)
   於 System.Data.OleDb.OleDbCommand.ExecuteReaderInternal(CommandBehavior behavior, String method)
   於 System.Data.OleDb.OleDbCommand.ExecuteNonQuery()
   於 RSL.EDI.UTIL.ClassDB.UpdData(String strSql)
2017/09/07 15:18:03>SC00013.
2017/09/07 15:25:12>SC00008.
2017/09/07 15:28:00>SQL EXECUTE錯誤: INSERT INTO TCPOS_HQ.PAYMENT (intPaymentNo, strBOPaymentName, SHOP_ID, TC_PAYMENT_ID)
                                                    VALUES ('0', '現金', 'SC02008', '10')
System.Data.OleDb.OleDbException (0x80040E37): ORA-00942: table or view does not exist
   於 System.Data.OleDb.OleDbCommand.ExecuteCommandTextErrorHandling(OleDbHResult hr)
   於 System.Data.OleDb.OleDbCommand.ExecuteCommandTextForMultpleResults(tagDBPARAMS dbParams, Object& executeResult)
   於 System.Data.OleDb.OleDbCommand.ExecuteCommandText(Object& executeResult)
   於 System.Data.OleDb.OleDbCommand.ExecuteCommand(CommandBehavior behavior, Object& executeResult)
   於 System.Data.OleDb.OleDbCommand.ExecuteReaderInternal(CommandBehavior behavior, String method)
   於 System.Data.OleDb.OleDbCommand.ExecuteNonQuery()
   於 RSL.EDI.UTIL.ClassDB.UpdData(String strSql)
2017/09/07 15:28:00>SQL EXECUTE錯誤: INSERT INTO TCPOS_HQ.PAYMENT (intPaymentNo, strBOPaymentName, SHOP_ID, TC_PAYMENT_ID)
                                                    VALUES ('1', '連線卡', 'SC02008', '41')
System.Data.OleDb.OleDbException (0x80040E37): ORA-00942: table or view does not exist
   於 System.Data.OleDb.OleDbCommand.ExecuteCommandTextErrorHandling(OleDbHResult hr)
   於 System.Data.OleDb.OleDbCommand.ExecuteCommandTextForMultpleResults(tagDBPARAMS dbParams, Object& executeResult)
   於 System.Data.OleDb.OleDbCommand.ExecuteCommandText(Object& executeResult)
   於 System.Data.OleDb.OleDbCommand.ExecuteCommand(CommandBehavior behavior, Object& executeResult)
   於 System.Data.OleDb.OleDbCommand.ExecuteReaderInternal(CommandBehavior behavior, String method)
   於 System.Data.OleDb.OleDbCommand.ExecuteNonQuery()
   於 RSL.EDI.UTIL.ClassDB.UpdData(String strSql)
2017/09/07 15:28:00>SQL EXECUTE錯誤: INSERT INTO TCPOS_HQ.PAYMENT (intPaymentNo, strBOPaymentName, SHOP_ID, TC_PAYMENT_ID)
                                                    VALUES ('2', '離線卡', 'SC02008', '42')
System.Data.OleDb.OleDbException (0x80040E37): ORA-00942: table or view does not exist
   於 System.Data.OleDb.OleDbCommand.ExecuteCommandTextErrorHandling(OleDbHResult hr)
   於 System.Data.OleDb.OleDbCommand.ExecuteCommandTextForMultpleResults(tagDBPARAMS dbParams, Object& executeResult)
   於 System.Data.OleDb.OleDbCommand.ExecuteCommandText(Object& executeResult)
   於 System.Data.OleDb.OleDbCommand.ExecuteCommand(CommandBehavior behavior, Object& executeResult)
   於 System.Data.OleDb.OleDbCommand.ExecuteReaderInternal(CommandBehavior behavior, String method)
   於 System.Data.OleDb.OleDbCommand.ExecuteNonQuery()
   於 RSL.EDI.UTIL.ClassDB.UpdData(String strSql)
2017/09/07 15:28:00>SQL EXECUTE錯誤: INSERT INTO TCPOS_HQ.PAYMENT (intPaymentNo, strBOPaymentName, SHOP_ID, TC_PAYMENT_ID)
                                                    VALUES ('3', '微信支付(連線)', 'SC02008', '80')
System.Data.OleDb.OleDbException (0x80040E37): ORA-00942: table or view does not exist
   於 System.Data.OleDb.OleDbCommand.ExecuteCommandTextErrorHandling(OleDbHResult hr)
   於 System.Data.OleDb.OleDbCommand.ExecuteCommandTextForMultpleResults(tagDBPARAMS dbParams, Object& executeResult)
   於 System.Data.OleDb.OleDbCommand.ExecuteCommandText(Object& executeResult)
   於 System.Data.OleDb.OleDbCommand.ExecuteCommand(CommandBehavior behavior, Object& executeResult)
   於 System.Data.OleDb.OleDbCommand.ExecuteReaderInternal(CommandBehavior behavior, String method)
   於 System.Data.OleDb.OleDbCommand.ExecuteNonQuery()
   於 RSL.EDI.UTIL.ClassDB.UpdData(String strSql)
2017/09/07 15:28:01>SQL EXECUTE錯誤: INSERT INTO TCPOS_HQ.PAYMENT (intPaymentNo, strBOPaymentName, SHOP_ID, TC_PAYMENT_ID)
                                                    VALUES ('4', '微信支付(離線)', 'SC02008', '81')
System.Data.OleDb.OleDbException (0x80040E37): ORA-00942: table or view does not exist
   於 System.Data.OleDb.OleDbCommand.ExecuteCommandTextErrorHandling(OleDbHResult hr)
   於 System.Data.OleDb.OleDbCommand.ExecuteCommandTextForMultpleResults(tagDBPARAMS dbParams, Object& executeResult)
   於 System.Data.OleDb.OleDbCommand.ExecuteCommandText(Object& executeResult)
   於 System.Data.OleDb.OleDbCommand.ExecuteCommand(CommandBehavior behavior, Object& executeResult)
   於 System.Data.OleDb.OleDbCommand.ExecuteReaderInternal(CommandBehavior behavior, String method)
   於 System.Data.OleDb.OleDbCommand.ExecuteNonQuery()
   於 RSL.EDI.UTIL.ClassDB.UpdData(String strSql)
2017/09/07 15:28:01>SQL EXECUTE錯誤: INSERT INTO TCPOS_HQ.PAYMENT (intPaymentNo, strBOPaymentName, SHOP_ID, TC_PAYMENT_ID)
                                                    VALUES ('5', '支付寶(連線)', 'SC02008', '82')
System.Data.OleDb.OleDbException (0x80040E37): ORA-00942: table or view does not exist
   於 System.Data.OleDb.OleDbCommand.ExecuteCommandTextErrorHandling(OleDbHResult hr)
   於 System.Data.OleDb.OleDbCommand.ExecuteCommandTextForMultpleResults(tagDBPARAMS dbParams, Object& executeResult)
   於 System.Data.OleDb.OleDbCommand.ExecuteCommandText(Object& executeResult)
   於 System.Data.OleDb.OleDbCommand.ExecuteCommand(CommandBehavior behavior, Object& executeResult)
   於 System.Data.OleDb.OleDbCommand.ExecuteReaderInternal(CommandBehavior behavior, String method)
   於 System.Data.OleDb.OleDbCommand.ExecuteNonQuery()
   於 RSL.EDI.UTIL.ClassDB.UpdData(String strSql)
2017/09/07 15:28:01>SQL EXECUTE錯誤: INSERT INTO TCPOS_HQ.PAYMENT (intPaymentNo, strBOPaymentName, SHOP_ID, TC_PAYMENT_ID)
                                                    VALUES ('6', '支付寶(離線)', 'SC02008', '83')
System.Data.OleDb.OleDbException (0x80040E37): ORA-00942: table or view does not exist
   於 System.Data.OleDb.OleDbCommand.ExecuteCommandTextErrorHandling(OleDbHResult hr)
   於 System.Data.OleDb.OleDbCommand.ExecuteCommandTextForMultpleResults(tagDBPARAMS dbParams, Object& executeResult)
   於 System.Data.OleDb.OleDbCommand.ExecuteCommandText(Object& executeResult)
   於 System.Data.OleDb.OleDbCommand.ExecuteCommand(CommandBehavior behavior, Object& executeResult)
   於 System.Data.OleDb.OleDbCommand.ExecuteReaderInternal(CommandBehavior behavior, String method)
   於 System.Data.OleDb.OleDbCommand.ExecuteNonQuery()
   於 RSL.EDI.UTIL.ClassDB.UpdData(String strSql)
2017/09/07 15:28:01>SC00013.
