2018/10/11 09:52:12>
JSON格式:{"Sales_Date":"2018/10/08","PosId":"999999"}
URL:http://localhost:7976//api/product/Query_SaleData_Up

2018/10/11 09:52:21>開始lav_test.rm_prod_sales_m
2018/10/11 09:52:22>開始lav_test.rm_prod_sales_m
2018/10/11 09:52:22>開始lav_test.rm_prod_sales_m
2018/10/11 09:52:22>結束lav_test.rm_prod_sales_m
2018/10/11 09:52:22>開始lav_test.rm_pay_type
2018/10/11 09:52:22>結束lav_test.rm_pay_type
2018/10/11 09:52:22>開始lav_test.rm_prod_sales_d
2018/10/11 09:52:22>結束lav_test.rm_prod_sales_d
2018/10/11 09:52:23>開始lav_test.rm_prod_sales_m
2018/10/11 09:52:23>結束lav_test.rm_prod_sales_m
2018/10/11 09:52:23>開始lav_test.rm_pay_type
2018/10/11 09:52:23>結束lav_test.rm_pay_type
2018/10/11 09:52:23>開始lav_test.rm_prod_sales_d
2018/10/11 09:52:24>結束lav_test.rm_prod_sales_d
2018/10/11 09:52:24>開始lav_test.rm_prod_sales_m
2018/10/11 09:52:24>結束lav_test.rm_prod_sales_m
2018/10/11 09:52:24>開始lav_test.rm_pay_type
2018/10/11 09:52:24>結束lav_test.rm_pay_type
2018/10/11 09:52:24>開始lav_test.rm_prod_sales_d
2018/10/11 09:52:25>結束lav_test.rm_prod_sales_d
2018/10/11 09:52:25>開始lav_test.rm_prod_sales_m
2018/10/11 09:52:26>開始lav_test.rm_prod_sales_m
2018/10/11 09:52:26>結束lav_test.rm_prod_sales_m
2018/10/11 09:52:26>開始lav_test.rm_pay_type
2018/10/11 09:52:26>結束lav_test.rm_pay_type
2018/10/11 09:52:26>開始lav_test.rm_prod_sales_d
2018/10/11 09:52:26>結束lav_test.rm_prod_sales_d
2018/10/11 09:52:27>開始lav_test.rm_prod_sales_m
2018/10/11 09:52:27>結束lav_test.rm_prod_sales_m
2018/10/11 09:52:27>開始lav_test.rm_pay_type
2018/10/11 09:52:27>結束lav_test.rm_pay_type
2018/10/11 09:52:27>開始lav_test.rm_prod_sales_d
2018/10/11 09:52:27>結束lav_test.rm_prod_sales_d
2018/10/11 09:52:28>開始lav_test.rm_prod_sales_m
2018/10/11 09:52:28>結束lav_test.rm_prod_sales_m
2018/10/11 09:52:28>開始lav_test.rm_pay_type
2018/10/11 09:52:28>結束lav_test.rm_pay_type
2018/10/11 09:52:28>開始lav_test.rm_prod_sales_d
2018/10/11 09:52:29>結束lav_test.rm_prod_sales_d
2018/10/11 09:52:29>開始lav_test.rm_prod_sales_m
2018/10/11 09:52:29>結束lav_test.rm_prod_sales_m
2018/10/11 09:52:29>開始lav_test.rm_pay_type
2018/10/11 09:52:29>結束lav_test.rm_pay_type
2018/10/11 09:52:29>開始lav_test.rm_prod_sales_d
2018/10/11 09:52:29>結束lav_test.rm_prod_sales_d
2018/10/11 09:52:30>開始lav_test.rm_prod_sales_m
2018/10/11 09:52:30>結束lav_test.rm_prod_sales_m
2018/10/11 09:52:30>開始lav_test.rm_pay_type
2018/10/11 09:52:30>結束lav_test.rm_pay_type
2018/10/11 09:52:30>開始lav_test.rm_prod_sales_d
2018/10/11 09:52:31>結束lav_test.rm_prod_sales_d
2018/10/11 09:59:03>
JSON格式:{"Sales_Date":"2018/10/08","PosId":"999999"}
URL:http://localhost:7976//api/product/Query_SaleData_Up

2018/10/11 09:59:10>開始lav_test.rm_prod_sales_m
2018/10/11 09:59:11>開始lav_test.rm_prod_sales_m
2018/10/11 09:59:11>開始lav_test.rm_prod_sales_m
2018/10/11 09:59:11>結束lav_test.rm_prod_sales_m
2018/10/11 09:59:11>開始lav_test.rm_pay_type
2018/10/11 09:59:11>結束lav_test.rm_pay_type
2018/10/11 09:59:11>開始lav_test.rm_prod_sales_d
2018/10/11 09:59:11>結束lav_test.rm_prod_sales_d
2018/10/11 09:59:12>開始lav_test.rm_prod_sales_m
2018/10/11 09:59:12>結束lav_test.rm_prod_sales_m
2018/10/11 09:59:12>開始lav_test.rm_pay_type
2018/10/11 09:59:12>結束lav_test.rm_pay_type
2018/10/11 09:59:12>開始lav_test.rm_prod_sales_d
2018/10/11 09:59:12>結束lav_test.rm_prod_sales_d
2018/10/11 09:59:13>開始lav_test.rm_prod_sales_m
2018/10/11 09:59:13>結束lav_test.rm_prod_sales_m
2018/10/11 09:59:13>開始lav_test.rm_pay_type
2018/10/11 09:59:13>結束lav_test.rm_pay_type
2018/10/11 09:59:13>開始lav_test.rm_prod_sales_d
2018/10/11 09:59:13>結束lav_test.rm_prod_sales_d
2018/10/11 09:59:14>開始lav_test.rm_prod_sales_m
2018/10/11 09:59:15>開始lav_test.rm_prod_sales_m
2018/10/11 09:59:15>結束lav_test.rm_prod_sales_m
2018/10/11 09:59:15>開始lav_test.rm_pay_type
2018/10/11 09:59:15>結束lav_test.rm_pay_type
2018/10/11 09:59:15>開始lav_test.rm_prod_sales_d
2018/10/11 09:59:15>結束lav_test.rm_prod_sales_d
2018/10/11 09:59:16>開始lav_test.rm_prod_sales_m
2018/10/11 09:59:16>結束lav_test.rm_prod_sales_m
2018/10/11 09:59:16>開始lav_test.rm_pay_type
2018/10/11 09:59:16>結束lav_test.rm_pay_type
2018/10/11 09:59:16>開始lav_test.rm_prod_sales_d
2018/10/11 09:59:16>結束lav_test.rm_prod_sales_d
2018/10/11 09:59:17>開始lav_test.rm_prod_sales_m
2018/10/11 09:59:17>結束lav_test.rm_prod_sales_m
2018/10/11 09:59:17>開始lav_test.rm_pay_type
2018/10/11 09:59:17>結束lav_test.rm_pay_type
2018/10/11 09:59:17>開始lav_test.rm_prod_sales_d
2018/10/11 09:59:17>結束lav_test.rm_prod_sales_d
2018/10/11 09:59:18>開始lav_test.rm_prod_sales_m
2018/10/11 09:59:18>結束lav_test.rm_prod_sales_m
2018/10/11 09:59:18>開始lav_test.rm_pay_type
2018/10/11 09:59:18>結束lav_test.rm_pay_type
2018/10/11 09:59:18>開始lav_test.rm_prod_sales_d
2018/10/11 09:59:18>結束lav_test.rm_prod_sales_d
2018/10/11 09:59:19>開始lav_test.rm_prod_sales_m
2018/10/11 09:59:19>結束lav_test.rm_prod_sales_m
2018/10/11 09:59:19>開始lav_test.rm_pay_type
2018/10/11 09:59:19>結束lav_test.rm_pay_type
2018/10/11 09:59:19>開始lav_test.rm_prod_sales_d
2018/10/11 09:59:19>結束lav_test.rm_prod_sales_d
2018/10/11 16:37:15>
JSON格式:{"Sales_Date":"2018/10/08","PosId":"999999"}
URL:http://localhost:7976//api/product/Query_SaleData_Up

2018/10/11 16:38:07>
遠端伺服器傳回一個錯誤: (500) 內部伺服器錯誤。
JSON格式={"Sales_Date":"2018/10/08","PosId":"999999"}
URL=http://localhost:7976//api/product/Query_SaleData_Up

2018/10/11 16:38:55>
JSON格式:{"Sales_Date":"2018/10/08","PosId":"999999"}
URL:http://localhost:7976//api/product/Query_SaleData_Up

2018/10/11 16:39:24>
遠端伺服器傳回一個錯誤: (500) 內部伺服器錯誤。
JSON格式={"Sales_Date":"2018/10/08","PosId":"999999"}
URL=http://localhost:7976//api/product/Query_SaleData_Up

2018/10/11 16:41:36>
JSON格式:{"Sales_Date":"2018/10/08","PosId":"999999"}
URL:http://localhost:7976//api/product/Query_SaleData_Up

2018/10/11 16:41:47>開始lav_test.rm_prod_sales_m
2018/10/11 16:41:49>開始lav_test.rm_prod_sales_m
2018/10/11 16:41:50>開始lav_test.rm_prod_sales_m
2018/10/11 16:41:51>結束lav_test.rm_prod_sales_m
2018/10/11 16:41:51>開始lav_test.rm_pay_type
2018/10/11 16:41:51>結束lav_test.rm_pay_type
2018/10/11 16:41:51>開始lav_test.rm_prod_sales_d
2018/10/11 16:41:51>結束lav_test.rm_prod_sales_d
2018/10/11 16:41:52>開始lav_test.rm_prod_sales_m
2018/10/11 16:41:53>結束lav_test.rm_prod_sales_m
2018/10/11 16:41:53>開始lav_test.rm_pay_type
2018/10/11 16:41:53>結束lav_test.rm_pay_type
2018/10/11 16:41:53>開始lav_test.rm_prod_sales_d
2018/10/11 16:41:53>結束lav_test.rm_prod_sales_d
2018/10/11 16:41:54>開始lav_test.rm_prod_sales_m
2018/10/11 16:41:55>結束lav_test.rm_prod_sales_m
2018/10/11 16:41:55>開始lav_test.rm_pay_type
2018/10/11 16:41:55>結束lav_test.rm_pay_type
2018/10/11 16:41:55>開始lav_test.rm_prod_sales_d
2018/10/11 16:41:55>結束lav_test.rm_prod_sales_d
2018/10/11 16:41:56>開始lav_test.rm_prod_sales_m
2018/10/11 16:41:57>開始lav_test.rm_prod_sales_m
2018/10/11 16:41:58>結束lav_test.rm_prod_sales_m
2018/10/11 16:41:58>開始lav_test.rm_pay_type
2018/10/11 16:41:58>結束lav_test.rm_pay_type
2018/10/11 16:41:58>開始lav_test.rm_prod_sales_d
2018/10/11 16:41:59>結束lav_test.rm_prod_sales_d
2018/10/11 16:42:01>開始lav_test.rm_prod_sales_m
2018/10/11 16:42:01>結束lav_test.rm_prod_sales_m
2018/10/11 16:42:01>開始lav_test.rm_pay_type
2018/10/11 16:42:01>結束lav_test.rm_pay_type
2018/10/11 16:42:01>開始lav_test.rm_prod_sales_d
2018/10/11 16:42:01>結束lav_test.rm_prod_sales_d
2018/10/11 16:42:02>開始lav_test.rm_prod_sales_m
2018/10/11 16:42:03>結束lav_test.rm_prod_sales_m
2018/10/11 16:42:03>開始lav_test.rm_pay_type
2018/10/11 16:42:03>結束lav_test.rm_pay_type
2018/10/11 16:42:03>開始lav_test.rm_prod_sales_d
2018/10/11 16:42:03>結束lav_test.rm_prod_sales_d
2018/10/11 16:42:04>開始lav_test.rm_prod_sales_m
2018/10/11 16:42:04>結束lav_test.rm_prod_sales_m
2018/10/11 16:42:04>開始lav_test.rm_pay_type
2018/10/11 16:42:05>結束lav_test.rm_pay_type
2018/10/11 16:42:05>開始lav_test.rm_prod_sales_d
2018/10/11 16:42:05>結束lav_test.rm_prod_sales_d
2018/10/11 16:42:06>開始lav_test.rm_prod_sales_m
2018/10/11 16:42:07>結束lav_test.rm_prod_sales_m
2018/10/11 16:42:07>開始lav_test.rm_pay_type
2018/10/11 16:42:07>結束lav_test.rm_pay_type
2018/10/11 16:42:07>開始lav_test.rm_prod_sales_d
2018/10/11 16:42:07>結束lav_test.rm_prod_sales_d
2018/10/11 21:57:01>
JSON格式:{"Sales_Date":"2018/10/08","PosId":"999999"}
URL:http://localhost:7976//api/product/Query_SaleData_Up

2018/10/11 21:57:10>開始lav_test.rm_prod_sales_m
2018/10/11 21:57:11>開始lav_test.rm_prod_sales_m
2018/10/11 21:57:13>開始lav_test.rm_prod_sales_m
2018/10/11 21:57:13>結束lav_test.rm_prod_sales_m
2018/10/11 21:57:13>開始lav_test.rm_pay_type
2018/10/11 21:57:13>結束lav_test.rm_pay_type
2018/10/11 21:57:13>開始lav_test.rm_prod_sales_d
2018/10/11 21:57:13>System.FormatException: 輸入字串格式不正確。
   於 System.Text.StringBuilder.AppendFormatHelper(IFormatProvider provider, String format, ParamsArray args)
   於 System.String.FormatHelper(IFormatProvider provider, String format, ParamsArray args)
   於 System.String.Format(String format, Object[] args)
   於 TCMS_TO_TDB.Form2.InsertMariaDb() 於 c:\公司\開發中\TPOSAPI_TCMS2\DoUP_api\TCMS_TO_TDB\Form2.cs: 行 279
2018/10/11 21:57:14>開始lav_test.rm_prod_sales_m
2018/10/11 21:57:15>結束lav_test.rm_prod_sales_m
2018/10/11 21:57:15>開始lav_test.rm_pay_type
2018/10/11 21:57:15>結束lav_test.rm_pay_type
2018/10/11 21:57:15>開始lav_test.rm_prod_sales_d
2018/10/11 21:57:15>System.FormatException: 輸入字串格式不正確。
   於 System.Text.StringBuilder.AppendFormatHelper(IFormatProvider provider, String format, ParamsArray args)
   於 System.String.FormatHelper(IFormatProvider provider, String format, ParamsArray args)
   於 System.String.Format(String format, Object[] args)
   於 TCMS_TO_TDB.Form2.InsertMariaDb() 於 c:\公司\開發中\TPOSAPI_TCMS2\DoUP_api\TCMS_TO_TDB\Form2.cs: 行 279
2018/10/11 21:57:16>開始lav_test.rm_prod_sales_m
2018/10/11 21:57:16>結束lav_test.rm_prod_sales_m
2018/10/11 21:57:16>開始lav_test.rm_pay_type
2018/10/11 21:57:16>結束lav_test.rm_pay_type
2018/10/11 21:57:16>開始lav_test.rm_prod_sales_d
2018/10/11 21:57:16>System.FormatException: 輸入字串格式不正確。
   於 System.Text.StringBuilder.AppendFormatHelper(IFormatProvider provider, String format, ParamsArray args)
   於 System.String.FormatHelper(IFormatProvider provider, String format, ParamsArray args)
   於 System.String.Format(String format, Object[] args)
   於 TCMS_TO_TDB.Form2.InsertMariaDb() 於 c:\公司\開發中\TPOSAPI_TCMS2\DoUP_api\TCMS_TO_TDB\Form2.cs: 行 279
2018/10/11 21:57:18>開始lav_test.rm_prod_sales_m
2018/10/11 21:57:19>開始lav_test.rm_prod_sales_m
2018/10/11 21:57:19>結束lav_test.rm_prod_sales_m
2018/10/11 21:57:19>開始lav_test.rm_pay_type
2018/10/11 21:57:20>結束lav_test.rm_pay_type
2018/10/11 21:57:20>開始lav_test.rm_prod_sales_d
2018/10/11 21:57:20>System.FormatException: 輸入字串格式不正確。
   於 System.Text.StringBuilder.AppendFormatHelper(IFormatProvider provider, String format, ParamsArray args)
   於 System.String.FormatHelper(IFormatProvider provider, String format, ParamsArray args)
   於 System.String.Format(String format, Object[] args)
   於 TCMS_TO_TDB.Form2.InsertMariaDb() 於 c:\公司\開發中\TPOSAPI_TCMS2\DoUP_api\TCMS_TO_TDB\Form2.cs: 行 279
2018/10/11 21:57:21>開始lav_test.rm_prod_sales_m
2018/10/11 21:57:21>結束lav_test.rm_prod_sales_m
2018/10/11 21:57:21>開始lav_test.rm_pay_type
2018/10/11 21:57:22>結束lav_test.rm_pay_type
2018/10/11 21:57:22>開始lav_test.rm_prod_sales_d
2018/10/11 21:57:22>System.FormatException: 輸入字串格式不正確。
   於 System.Text.StringBuilder.AppendFormatHelper(IFormatProvider provider, String format, ParamsArray args)
   於 System.String.FormatHelper(IFormatProvider provider, String format, ParamsArray args)
   於 System.String.Format(String format, Object[] args)
   於 TCMS_TO_TDB.Form2.InsertMariaDb() 於 c:\公司\開發中\TPOSAPI_TCMS2\DoUP_api\TCMS_TO_TDB\Form2.cs: 行 279
2018/10/11 21:57:23>開始lav_test.rm_prod_sales_m
2018/10/11 21:57:24>結束lav_test.rm_prod_sales_m
2018/10/11 21:57:24>開始lav_test.rm_pay_type
2018/10/11 21:57:24>結束lav_test.rm_pay_type
2018/10/11 21:57:24>開始lav_test.rm_prod_sales_d
2018/10/11 21:57:24>System.FormatException: 輸入字串格式不正確。
   於 System.Text.StringBuilder.AppendFormatHelper(IFormatProvider provider, String format, ParamsArray args)
   於 System.String.FormatHelper(IFormatProvider provider, String format, ParamsArray args)
   於 System.String.Format(String format, Object[] args)
   於 TCMS_TO_TDB.Form2.InsertMariaDb() 於 c:\公司\開發中\TPOSAPI_TCMS2\DoUP_api\TCMS_TO_TDB\Form2.cs: 行 279
2018/10/11 21:57:26>開始lav_test.rm_prod_sales_m
2018/10/11 21:57:26>結束lav_test.rm_prod_sales_m
2018/10/11 21:57:26>開始lav_test.rm_pay_type
2018/10/11 21:57:26>結束lav_test.rm_pay_type
2018/10/11 21:57:26>開始lav_test.rm_prod_sales_d
2018/10/11 21:57:26>System.FormatException: 輸入字串格式不正確。
   於 System.Text.StringBuilder.AppendFormatHelper(IFormatProvider provider, String format, ParamsArray args)
   於 System.String.FormatHelper(IFormatProvider provider, String format, ParamsArray args)
   於 System.String.Format(String format, Object[] args)
   於 TCMS_TO_TDB.Form2.InsertMariaDb() 於 c:\公司\開發中\TPOSAPI_TCMS2\DoUP_api\TCMS_TO_TDB\Form2.cs: 行 279
2018/10/11 21:57:28>開始lav_test.rm_prod_sales_m
2018/10/11 21:57:29>結束lav_test.rm_prod_sales_m
2018/10/11 21:57:29>開始lav_test.rm_pay_type
2018/10/11 21:57:29>結束lav_test.rm_pay_type
2018/10/11 21:57:29>開始lav_test.rm_prod_sales_d
2018/10/11 21:57:29>System.FormatException: 輸入字串格式不正確。
   於 System.Text.StringBuilder.AppendFormatHelper(IFormatProvider provider, String format, ParamsArray args)
   於 System.String.FormatHelper(IFormatProvider provider, String format, ParamsArray args)
   於 System.String.Format(String format, Object[] args)
   於 TCMS_TO_TDB.Form2.InsertMariaDb() 於 c:\公司\開發中\TPOSAPI_TCMS2\DoUP_api\TCMS_TO_TDB\Form2.cs: 行 279
2018/10/11 22:00:03>
JSON格式:{"Sales_Date":"2018/10/08","PosId":"999999"}
URL:http://localhost:7976//api/product/Query_SaleData_Up

2018/10/11 22:00:12>開始lav_test.rm_prod_sales_m
2018/10/11 22:00:13>開始lav_test.rm_prod_sales_m
2018/10/11 22:00:14>開始lav_test.rm_prod_sales_m
2018/10/11 22:00:14>結束lav_test.rm_prod_sales_m
2018/10/11 22:00:14>開始lav_test.rm_pay_type
2018/10/11 22:00:14>結束lav_test.rm_pay_type
2018/10/11 22:00:14>開始lav_test.rm_prod_sales_d
2018/10/11 22:00:15>結束lav_test.rm_prod_sales_d
2018/10/11 22:00:16>開始lav_test.rm_prod_sales_m
2018/10/11 22:00:17>結束lav_test.rm_prod_sales_m
2018/10/11 22:00:17>開始lav_test.rm_pay_type
2018/10/11 22:00:17>結束lav_test.rm_pay_type
2018/10/11 22:00:17>開始lav_test.rm_prod_sales_d
2018/10/11 22:00:17>結束lav_test.rm_prod_sales_d
2018/10/11 22:00:19>開始lav_test.rm_prod_sales_m
2018/10/11 22:00:19>結束lav_test.rm_prod_sales_m
2018/10/11 22:00:19>開始lav_test.rm_pay_type
2018/10/11 22:00:19>結束lav_test.rm_pay_type
2018/10/11 22:00:19>開始lav_test.rm_prod_sales_d
2018/10/11 22:00:20>結束lav_test.rm_prod_sales_d
2018/10/11 22:00:22>開始lav_test.rm_prod_sales_m
2018/10/11 22:00:24>開始lav_test.rm_prod_sales_m
2018/10/11 22:00:24>結束lav_test.rm_prod_sales_m
2018/10/11 22:00:24>開始lav_test.rm_pay_type
2018/10/11 22:00:24>結束lav_test.rm_pay_type
2018/10/11 22:00:24>開始lav_test.rm_prod_sales_d
2018/10/11 22:00:25>結束lav_test.rm_prod_sales_d
2018/10/11 22:00:26>開始lav_test.rm_prod_sales_m
2018/10/11 22:00:26>結束lav_test.rm_prod_sales_m
2018/10/11 22:00:26>開始lav_test.rm_pay_type
2018/10/11 22:00:26>結束lav_test.rm_pay_type
2018/10/11 22:00:26>開始lav_test.rm_prod_sales_d
2018/10/11 22:00:26>結束lav_test.rm_prod_sales_d
2018/10/11 22:00:27>開始lav_test.rm_prod_sales_m
2018/10/11 22:00:28>結束lav_test.rm_prod_sales_m
2018/10/11 22:00:28>開始lav_test.rm_pay_type
2018/10/11 22:00:28>結束lav_test.rm_pay_type
2018/10/11 22:00:28>開始lav_test.rm_prod_sales_d
2018/10/11 22:00:28>結束lav_test.rm_prod_sales_d
2018/10/11 22:00:29>開始lav_test.rm_prod_sales_m
2018/10/11 22:00:30>結束lav_test.rm_prod_sales_m
2018/10/11 22:00:30>開始lav_test.rm_pay_type
2018/10/11 22:00:30>結束lav_test.rm_pay_type
2018/10/11 22:00:30>開始lav_test.rm_prod_sales_d
2018/10/11 22:00:30>結束lav_test.rm_prod_sales_d
2018/10/11 22:00:31>開始lav_test.rm_prod_sales_m
2018/10/11 22:00:32>結束lav_test.rm_prod_sales_m
2018/10/11 22:00:32>開始lav_test.rm_pay_type
2018/10/11 22:00:32>結束lav_test.rm_pay_type
2018/10/11 22:00:32>開始lav_test.rm_prod_sales_d
2018/10/11 22:00:33>結束lav_test.rm_prod_sales_d
