2018/10/15 09:04:14>
JSON格式:{"Sales_Date":"2018/10/08","PosId":"999999"}
URL:http://localhost:7976//api/product/Query_SaleData_Up

2018/10/15 09:04:31>撈出來的資料
JSON格式:TCMS_TO_TDB.Form2+apiresult

2018/10/15 09:07:55>
JSON格式:{"Sales_Date":"2018/10/08","PosId":"999999"}
URL:http://localhost:7976//api/product/Query_SaleData_Up

2018/10/15 09:08:58>
JSON格式:{"Sales_Date":"2018/10/08","PosId":"999999"}
URL:http://localhost:7976//api/product/Query_SaleData_Up

2018/10/15 09:11:44>撈出來的資料
JSON格式:TCMS_TO_TDB.Form2+apiresult

2018/10/15 09:11:56>開始lav_test.rm_prod_sales_m
2018/10/15 09:11:58>開始lav_test.rm_prod_sales_m
2018/10/15 09:12:00>開始lav_test.rm_prod_sales_m
2018/10/15 09:12:01>結束lav_test.rm_prod_sales_m
2018/10/15 09:12:01>開始lav_test.rm_pay_type
2018/10/15 09:12:01>結束lav_test.rm_pay_type
2018/10/15 09:12:01>開始lav_test.rm_prod_sales_d
2018/10/15 09:12:02>結束lav_test.rm_prod_sales_d
2018/10/15 09:12:03>開始lav_test.rm_prod_sales_m
2018/10/15 09:12:04>結束lav_test.rm_prod_sales_m
2018/10/15 09:12:04>開始lav_test.rm_pay_type
2018/10/15 09:12:04>結束lav_test.rm_pay_type
2018/10/15 09:12:04>開始lav_test.rm_prod_sales_d
2018/10/15 09:12:05>結束lav_test.rm_prod_sales_d
2018/10/15 09:12:07>開始lav_test.rm_prod_sales_m
2018/10/15 09:12:08>結束lav_test.rm_prod_sales_m
2018/10/15 09:12:08>開始lav_test.rm_pay_type
2018/10/15 09:12:08>結束lav_test.rm_pay_type
2018/10/15 09:12:08>開始lav_test.rm_prod_sales_d
2018/10/15 09:12:09>結束lav_test.rm_prod_sales_d
2018/10/15 09:12:10>開始lav_test.rm_prod_sales_m
2018/10/15 09:12:12>開始lav_test.rm_prod_sales_m
2018/10/15 09:12:13>結束lav_test.rm_prod_sales_m
2018/10/15 09:12:13>開始lav_test.rm_pay_type
2018/10/15 09:12:13>結束lav_test.rm_pay_type
2018/10/15 09:12:13>開始lav_test.rm_prod_sales_d
2018/10/15 09:12:13>結束lav_test.rm_prod_sales_d
2018/10/15 09:12:16>開始lav_test.rm_prod_sales_m
2018/10/15 09:12:17>結束lav_test.rm_prod_sales_m
2018/10/15 09:12:17>開始lav_test.rm_pay_type
2018/10/15 09:12:17>結束lav_test.rm_pay_type
2018/10/15 09:12:17>開始lav_test.rm_prod_sales_d
2018/10/15 09:12:18>結束lav_test.rm_prod_sales_d
2018/10/15 09:12:20>開始lav_test.rm_prod_sales_m
2018/10/15 09:12:21>結束lav_test.rm_prod_sales_m
2018/10/15 09:12:21>開始lav_test.rm_pay_type
2018/10/15 09:12:21>結束lav_test.rm_pay_type
2018/10/15 09:12:21>開始lav_test.rm_prod_sales_d
2018/10/15 09:12:22>結束lav_test.rm_prod_sales_d
2018/10/15 09:12:25>開始lav_test.rm_prod_sales_m
2018/10/15 09:12:25>結束lav_test.rm_prod_sales_m
2018/10/15 09:12:25>開始lav_test.rm_pay_type
2018/10/15 09:12:25>結束lav_test.rm_pay_type
2018/10/15 09:12:25>開始lav_test.rm_prod_sales_d
2018/10/15 09:12:26>結束lav_test.rm_prod_sales_d
2018/10/15 09:12:28>開始lav_test.rm_prod_sales_m
2018/10/15 09:12:29>結束lav_test.rm_prod_sales_m
2018/10/15 09:12:29>開始lav_test.rm_pay_type
2018/10/15 09:12:29>結束lav_test.rm_pay_type
2018/10/15 09:12:29>開始lav_test.rm_prod_sales_d
2018/10/15 09:12:30>結束lav_test.rm_prod_sales_d
2018/10/15 09:26:32>
JSON格式:{"Sales_Date":"2018/10/08","PosId":"999999"}
URL:http://localhost:7976//api/product/Query_SaleData_Up

2018/10/15 09:26:38>撈出來的資料
JSON格式:TCMS_TO_TDB.Form2+apiresult

2018/10/15 09:26:42>開始lav_test.rm_prod_sales_m
2018/10/15 09:26:44>開始lav_test.rm_prod_sales_m
2018/10/15 09:26:46>開始lav_test.rm_prod_sales_m
2018/10/15 09:26:46>結束lav_test.rm_prod_sales_m
2018/10/15 09:26:46>開始lav_test.rm_pay_type
2018/10/15 09:26:46>結束lav_test.rm_pay_type
2018/10/15 09:26:46>開始lav_test.rm_prod_sales_d
2018/10/15 09:26:47>結束lav_test.rm_prod_sales_d
2018/10/15 09:26:48>開始lav_test.rm_prod_sales_m
2018/10/15 09:26:48>結束lav_test.rm_prod_sales_m
2018/10/15 09:26:48>開始lav_test.rm_pay_type
2018/10/15 09:26:48>結束lav_test.rm_pay_type
2018/10/15 09:26:48>開始lav_test.rm_prod_sales_d
2018/10/15 09:26:49>結束lav_test.rm_prod_sales_d
2018/10/15 09:26:50>開始lav_test.rm_prod_sales_m
2018/10/15 09:26:51>結束lav_test.rm_prod_sales_m
2018/10/15 09:26:51>開始lav_test.rm_pay_type
2018/10/15 09:26:51>結束lav_test.rm_pay_type
2018/10/15 09:26:51>開始lav_test.rm_prod_sales_d
2018/10/15 09:26:52>結束lav_test.rm_prod_sales_d
2018/10/15 09:26:54>開始lav_test.rm_prod_sales_m
2018/10/15 09:26:55>開始lav_test.rm_prod_sales_m
2018/10/15 09:26:55>結束lav_test.rm_prod_sales_m
2018/10/15 09:26:55>開始lav_test.rm_pay_type
2018/10/15 09:26:56>結束lav_test.rm_pay_type
2018/10/15 09:26:56>開始lav_test.rm_prod_sales_d
2018/10/15 09:26:56>結束lav_test.rm_prod_sales_d
2018/10/15 09:26:58>開始lav_test.rm_prod_sales_m
2018/10/15 09:26:59>結束lav_test.rm_prod_sales_m
2018/10/15 09:26:59>開始lav_test.rm_pay_type
2018/10/15 09:26:59>結束lav_test.rm_pay_type
2018/10/15 09:26:59>開始lav_test.rm_prod_sales_d
2018/10/15 09:26:59>結束lav_test.rm_prod_sales_d
2018/10/15 09:27:01>開始lav_test.rm_prod_sales_m
2018/10/15 09:27:02>結束lav_test.rm_prod_sales_m
2018/10/15 09:27:02>開始lav_test.rm_pay_type
2018/10/15 09:27:02>結束lav_test.rm_pay_type
2018/10/15 09:27:02>開始lav_test.rm_prod_sales_d
2018/10/15 09:27:02>結束lav_test.rm_prod_sales_d
2018/10/15 09:27:05>開始lav_test.rm_prod_sales_m
2018/10/15 09:27:05>結束lav_test.rm_prod_sales_m
2018/10/15 09:27:05>開始lav_test.rm_pay_type
2018/10/15 09:27:06>結束lav_test.rm_pay_type
2018/10/15 09:27:06>開始lav_test.rm_prod_sales_d
2018/10/15 09:27:07>結束lav_test.rm_prod_sales_d
2018/10/15 09:27:09>開始lav_test.rm_prod_sales_m
2018/10/15 09:27:09>結束lav_test.rm_prod_sales_m
2018/10/15 09:27:09>開始lav_test.rm_pay_type
2018/10/15 09:27:10>結束lav_test.rm_pay_type
2018/10/15 09:27:10>開始lav_test.rm_prod_sales_d
2018/10/15 09:27:11>結束lav_test.rm_prod_sales_d
