2017/08/24 10:50:20>SQL EXECUTE錯誤: insert into TC_POS.Till (strTillCode, strTillName, strStoreCode, ysnActive, strTillType, intPosFuncKeyNo, intPOsFastKeyNo, intTillProfileNo, intDualMonitorNo)
                                values (000480', '', '00048', 'F', 'C', '1', '1', '1', '1')
System.Data.OleDb.OleDbException (0x80004005): ORA-01756: quoted string not properly terminated
   於 System.Data.OleDb.OleDbCommand.ProcessResults(OleDbHResult hr)
   於 System.Data.OleDb.OleDbCommand.InitializeCommand(CommandBehavior behavior, Boolean throwifnotsupported)
   於 System.Data.OleDb.OleDbCommand.ExecuteCommand(CommandBehavior behavior, Object& executeResult)
   於 System.Data.OleDb.OleDbCommand.ExecuteReaderInternal(CommandBehavior behavior, String method)
   於 System.Data.OleDb.OleDbCommand.ExecuteNonQuery()
   於 RSL.EDI.UTIL.ClassDB.UpdData(String strSql)
2017/08/24 11:48:57>SQL EXECUTE錯誤: insert into TC_POS.PaymentStore (intPaymentNo, strBOPaymentName, strPOSPaymentName, ysnActive, intShowOrder, strExtSRef1)
                                values ('15', '現金', '現金', 'T', '1', '10')
System.Data.OleDb.OleDbException (0x80040E14): ORA-00904: "INTSHOWORDER": invalid identifier
   於 System.Data.OleDb.OleDbCommand.ExecuteCommandTextErrorHandling(OleDbHResult hr)
   於 System.Data.OleDb.OleDbCommand.ExecuteCommandTextForMultpleResults(tagDBPARAMS dbParams, Object& executeResult)
   於 System.Data.OleDb.OleDbCommand.ExecuteCommandText(Object& executeResult)
   於 System.Data.OleDb.OleDbCommand.ExecuteCommand(CommandBehavior behavior, Object& executeResult)
   於 System.Data.OleDb.OleDbCommand.ExecuteReaderInternal(CommandBehavior behavior, String method)
   於 System.Data.OleDb.OleDbCommand.ExecuteNonQuery()
   於 RSL.EDI.UTIL.ClassDB.UpdData(String strSql)
2017/08/24 14:05:50>SQL EXECUTE錯誤: insert into TC_POS.Item (intItemNo, strItemNamePOS, ysnActive, ysnRecipeItem, ysnSetMeal, ysnTrackSerialNo, ysnChargeService, ysnDiscountable, 
                                            ysnKeepStockCount, strMinUnit, ysnAskComment, strClassify1Code, strClassify2Code, strClassify3Code, strClassify4Code, strEXTSRef1,ysnAskPriceIfZero)
                                values ('00141食品', '食品', 'T', 'F', 'F', 'F', 'F', 'T', 'F', '1', 'F', '0', '0', '0', '0', '00','T')
System.Data.OleDb.OleDbException (0x80040E07): ORA-01722: invalid number
   於 System.Data.OleDb.OleDbCommand.ExecuteCommandTextErrorHandling(OleDbHResult hr)
   於 System.Data.OleDb.OleDbCommand.ExecuteCommandTextForMultpleResults(tagDBPARAMS dbParams, Object& executeResult)
   於 System.Data.OleDb.OleDbCommand.ExecuteCommandText(Object& executeResult)
   於 System.Data.OleDb.OleDbCommand.ExecuteCommand(CommandBehavior behavior, Object& executeResult)
   於 System.Data.OleDb.OleDbCommand.ExecuteReaderInternal(CommandBehavior behavior, String method)
   於 System.Data.OleDb.OleDbCommand.ExecuteNonQuery()
   於 RSL.EDI.UTIL.ClassDB.UpdData(String strSql)
2017/08/24 14:05:50>SQL EXECUTE錯誤: insert into TC_POS.Barcode (intItemNo, strBarcode, strEXTSRef1)
                                values ('00141食品', '食品', '00')
System.Data.OleDb.OleDbException (0x80040E07): ORA-01722: invalid number
   於 System.Data.OleDb.OleDbCommand.ExecuteCommandTextErrorHandling(OleDbHResult hr)
   於 System.Data.OleDb.OleDbCommand.ExecuteCommandTextForMultpleResults(tagDBPARAMS dbParams, Object& executeResult)
   於 System.Data.OleDb.OleDbCommand.ExecuteCommandText(Object& executeResult)
   於 System.Data.OleDb.OleDbCommand.ExecuteCommand(CommandBehavior behavior, Object& executeResult)
   於 System.Data.OleDb.OleDbCommand.ExecuteReaderInternal(CommandBehavior behavior, String method)
   於 System.Data.OleDb.OleDbCommand.ExecuteNonQuery()
   於 RSL.EDI.UTIL.ClassDB.UpdData(String strSql)
2017/08/24 14:05:51>SQL EXECUTE錯誤: insert into TC_POS.Cost (intCostNo, strSupplierCode, strStoreCode, intItemNo, ysnActive,dtmEffective,intMinOrder,intCartonSize,curExtaxCost,curCost)
                                values ('33', '9999', '00141', '00141食品', 'T', '2017/08/24', '1', '1', '0', '0')
System.Data.OleDb.OleDbException (0x80040E07): ORA-01722: invalid number
   於 System.Data.OleDb.OleDbCommand.ExecuteCommandTextErrorHandling(OleDbHResult hr)
   於 System.Data.OleDb.OleDbCommand.ExecuteCommandTextForMultpleResults(tagDBPARAMS dbParams, Object& executeResult)
   於 System.Data.OleDb.OleDbCommand.ExecuteCommandText(Object& executeResult)
   於 System.Data.OleDb.OleDbCommand.ExecuteCommand(CommandBehavior behavior, Object& executeResult)
   於 System.Data.OleDb.OleDbCommand.ExecuteReaderInternal(CommandBehavior behavior, String method)
   於 System.Data.OleDb.OleDbCommand.ExecuteNonQuery()
   於 RSL.EDI.UTIL.ClassDB.UpdData(String strSql)
2017/08/24 14:05:51>SQL EXECUTE錯誤: insert into TC_POS.Cost (intCostNo, strSupplierCode, strStoreCode, intItemNo, ysnActive,dtmEffective,intMinOrder,intCartonSize,curExtaxCost,curCost)
                                values ('33', '9999', '00141', '00141食品', 'T', '2017/08/24', '1', '1', '0', '0')
System.Data.OleDb.OleDbException (0x80040E07): ORA-01722: invalid number
   於 System.Data.OleDb.OleDbCommand.ExecuteCommandTextErrorHandling(OleDbHResult hr)
   於 System.Data.OleDb.OleDbCommand.ExecuteCommandTextForMultpleResults(tagDBPARAMS dbParams, Object& executeResult)
   於 System.Data.OleDb.OleDbCommand.ExecuteCommandText(Object& executeResult)
   於 System.Data.OleDb.OleDbCommand.ExecuteCommand(CommandBehavior behavior, Object& executeResult)
   於 System.Data.OleDb.OleDbCommand.ExecuteReaderInternal(CommandBehavior behavior, String method)
   於 System.Data.OleDb.OleDbCommand.ExecuteNonQuery()
   於 RSL.EDI.UTIL.ClassDB.UpdData(String strSql)
2017/08/24 14:07:06>SQL EXECUTE錯誤: insert into TC_POS.Item (intItemNo, strItemNamePOS, ysnActive, ysnRecipeItem, ysnSetMeal, ysnTrackSerialNo, ysnChargeService, ysnDiscountable, 
                                            ysnKeepStockCount, strMinUnit, ysnAskComment, strClassify1Code, strClassify2Code, strClassify3Code, strClassify4Code, strEXTSRef1,ysnAskPriceIfZero)
                                values ('00141食品', '食品', 'T', 'F', 'F', 'F', 'F', 'T', 'F', '1', 'F', '0', '0', '0', '0', '00','T')
System.Data.OleDb.OleDbException (0x80040E07): ORA-01722: invalid number
   於 System.Data.OleDb.OleDbCommand.ExecuteCommandTextErrorHandling(OleDbHResult hr)
   於 System.Data.OleDb.OleDbCommand.ExecuteCommandTextForMultpleResults(tagDBPARAMS dbParams, Object& executeResult)
   於 System.Data.OleDb.OleDbCommand.ExecuteCommandText(Object& executeResult)
   於 System.Data.OleDb.OleDbCommand.ExecuteCommand(CommandBehavior behavior, Object& executeResult)
   於 System.Data.OleDb.OleDbCommand.ExecuteReaderInternal(CommandBehavior behavior, String method)
   於 System.Data.OleDb.OleDbCommand.ExecuteNonQuery()
   於 RSL.EDI.UTIL.ClassDB.UpdData(String strSql)
2017/08/24 14:07:06>SQL EXECUTE錯誤: insert into TC_POS.Barcode (intItemNo, strBarcode, strEXTSRef1)
                                values ('00141食品', '食品', '00')
System.Data.OleDb.OleDbException (0x80040E07): ORA-01722: invalid number
   於 System.Data.OleDb.OleDbCommand.ExecuteCommandTextErrorHandling(OleDbHResult hr)
   於 System.Data.OleDb.OleDbCommand.ExecuteCommandTextForMultpleResults(tagDBPARAMS dbParams, Object& executeResult)
   於 System.Data.OleDb.OleDbCommand.ExecuteCommandText(Object& executeResult)
   於 System.Data.OleDb.OleDbCommand.ExecuteCommand(CommandBehavior behavior, Object& executeResult)
   於 System.Data.OleDb.OleDbCommand.ExecuteReaderInternal(CommandBehavior behavior, String method)
   於 System.Data.OleDb.OleDbCommand.ExecuteNonQuery()
   於 RSL.EDI.UTIL.ClassDB.UpdData(String strSql)
2017/08/24 14:07:06>SQL EXECUTE錯誤: insert into TC_POS.Cost (intCostNo, strSupplierCode, strStoreCode, intItemNo, ysnActive,dtmEffective,intMinOrder,intCartonSize,curExtaxCost,curCost)
                                values ('33', '9999', '00141', '00141食品', 'T', '2017/08/24', '1', '1', '0', '0')
System.Data.OleDb.OleDbException (0x80040E07): ORA-01722: invalid number
   於 System.Data.OleDb.OleDbCommand.ExecuteCommandTextErrorHandling(OleDbHResult hr)
   於 System.Data.OleDb.OleDbCommand.ExecuteCommandTextForMultpleResults(tagDBPARAMS dbParams, Object& executeResult)
   於 System.Data.OleDb.OleDbCommand.ExecuteCommandText(Object& executeResult)
   於 System.Data.OleDb.OleDbCommand.ExecuteCommand(CommandBehavior behavior, Object& executeResult)
   於 System.Data.OleDb.OleDbCommand.ExecuteReaderInternal(CommandBehavior behavior, String method)
   於 System.Data.OleDb.OleDbCommand.ExecuteNonQuery()
   於 RSL.EDI.UTIL.ClassDB.UpdData(String strSql)
2017/08/24 14:07:06>SQL EXECUTE錯誤: insert into TC_POS.Cost (intCostNo, strSupplierCode, strStoreCode, intItemNo, ysnActive,dtmEffective,intMinOrder,intCartonSize,curExtaxCost,curCost)
                                values ('33', '9999', '00141', '00141食品', 'T', '2017/08/24', '1', '1', '0', '0')
System.Data.OleDb.OleDbException (0x80040E07): ORA-01722: invalid number
   於 System.Data.OleDb.OleDbCommand.ExecuteCommandTextErrorHandling(OleDbHResult hr)
   於 System.Data.OleDb.OleDbCommand.ExecuteCommandTextForMultpleResults(tagDBPARAMS dbParams, Object& executeResult)
   於 System.Data.OleDb.OleDbCommand.ExecuteCommandText(Object& executeResult)
   於 System.Data.OleDb.OleDbCommand.ExecuteCommand(CommandBehavior behavior, Object& executeResult)
   於 System.Data.OleDb.OleDbCommand.ExecuteReaderInternal(CommandBehavior behavior, String method)
   於 System.Data.OleDb.OleDbCommand.ExecuteNonQuery()
   於 RSL.EDI.UTIL.ClassDB.UpdData(String strSql)
2017/08/24 14:08:18>SQL EXECUTE錯誤: insert into TC_POS.Item (intItemNo, strItemNamePOS, ysnActive, ysnRecipeItem, ysnSetMeal, ysnTrackSerialNo, ysnChargeService, ysnDiscountable, 
                                            ysnKeepStockCount, strMinUnit, ysnAskComment, strClassify1Code, strClassify2Code, strClassify3Code, strClassify4Code, strEXTSRef1,ysnAskPriceIfZero)
                                values ('00141食品', '食品', 'T', 'F', 'F', 'F', 'F', 'T', 'F', '1', 'F', '0', '0', '0', '0', '00','T')
System.Data.OleDb.OleDbException (0x80040E07): ORA-01722: invalid number
   於 System.Data.OleDb.OleDbCommand.ExecuteCommandTextErrorHandling(OleDbHResult hr)
   於 System.Data.OleDb.OleDbCommand.ExecuteCommandTextForMultpleResults(tagDBPARAMS dbParams, Object& executeResult)
   於 System.Data.OleDb.OleDbCommand.ExecuteCommandText(Object& executeResult)
   於 System.Data.OleDb.OleDbCommand.ExecuteCommand(CommandBehavior behavior, Object& executeResult)
   於 System.Data.OleDb.OleDbCommand.ExecuteReaderInternal(CommandBehavior behavior, String method)
   於 System.Data.OleDb.OleDbCommand.ExecuteNonQuery()
   於 RSL.EDI.UTIL.ClassDB.UpdData(String strSql)
2017/08/24 14:08:19>SQL EXECUTE錯誤: insert into TC_POS.Barcode (intItemNo, strBarcode, strEXTSRef1)
                                values ('00141食品', '食品', '00')
System.Data.OleDb.OleDbException (0x80040E07): ORA-01722: invalid number
   於 System.Data.OleDb.OleDbCommand.ExecuteCommandTextErrorHandling(OleDbHResult hr)
   於 System.Data.OleDb.OleDbCommand.ExecuteCommandTextForMultpleResults(tagDBPARAMS dbParams, Object& executeResult)
   於 System.Data.OleDb.OleDbCommand.ExecuteCommandText(Object& executeResult)
   於 System.Data.OleDb.OleDbCommand.ExecuteCommand(CommandBehavior behavior, Object& executeResult)
   於 System.Data.OleDb.OleDbCommand.ExecuteReaderInternal(CommandBehavior behavior, String method)
   於 System.Data.OleDb.OleDbCommand.ExecuteNonQuery()
   於 RSL.EDI.UTIL.ClassDB.UpdData(String strSql)
2017/08/24 14:08:19>SQL EXECUTE錯誤: insert into TC_POS.Cost (intCostNo, strSupplierCode, strStoreCode, intItemNo, ysnActive,dtmEffective,intMinOrder,intCartonSize,curExtaxCost,curCost)
                                values ('33', '9999', '00141', '00141食品', 'T', '2017/08/24', '1', '1', '0', '0')
System.Data.OleDb.OleDbException (0x80040E07): ORA-01722: invalid number
   於 System.Data.OleDb.OleDbCommand.ExecuteCommandTextErrorHandling(OleDbHResult hr)
   於 System.Data.OleDb.OleDbCommand.ExecuteCommandTextForMultpleResults(tagDBPARAMS dbParams, Object& executeResult)
   於 System.Data.OleDb.OleDbCommand.ExecuteCommandText(Object& executeResult)
   於 System.Data.OleDb.OleDbCommand.ExecuteCommand(CommandBehavior behavior, Object& executeResult)
   於 System.Data.OleDb.OleDbCommand.ExecuteReaderInternal(CommandBehavior behavior, String method)
   於 System.Data.OleDb.OleDbCommand.ExecuteNonQuery()
   於 RSL.EDI.UTIL.ClassDB.UpdData(String strSql)
2017/08/24 14:08:19>SQL EXECUTE錯誤: insert into TC_POS.Cost (intCostNo, strSupplierCode, strStoreCode, intItemNo, ysnActive,dtmEffective,intMinOrder,intCartonSize,curExtaxCost,curCost)
                                values ('33', '9999', '00141', '00141食品', 'T', '2017/08/24', '1', '1', '0', '0')
System.Data.OleDb.OleDbException (0x80040E07): ORA-01722: invalid number
   於 System.Data.OleDb.OleDbCommand.ExecuteCommandTextErrorHandling(OleDbHResult hr)
   於 System.Data.OleDb.OleDbCommand.ExecuteCommandTextForMultpleResults(tagDBPARAMS dbParams, Object& executeResult)
   於 System.Data.OleDb.OleDbCommand.ExecuteCommandText(Object& executeResult)
   於 System.Data.OleDb.OleDbCommand.ExecuteCommand(CommandBehavior behavior, Object& executeResult)
   於 System.Data.OleDb.OleDbCommand.ExecuteReaderInternal(CommandBehavior behavior, String method)
   於 System.Data.OleDb.OleDbCommand.ExecuteNonQuery()
   於 RSL.EDI.UTIL.ClassDB.UpdData(String strSql)
2017/08/24 14:08:44>SQL EXECUTE錯誤: insert into TC_POS.Item (intItemNo, strItemNamePOS, ysnActive, ysnRecipeItem, ysnSetMeal, ysnTrackSerialNo, ysnChargeService, ysnDiscountable, 
                                            ysnKeepStockCount, strMinUnit, ysnAskComment, strClassify1Code, strClassify2Code, strClassify3Code, strClassify4Code, strEXTSRef1,ysnAskPriceIfZero)
                                values ('00141食品', '食品', 'T', 'F', 'F', 'F', 'F', 'T', 'F', '1', 'F', '0', '0', '0', '0', '00','T')
System.Data.OleDb.OleDbException (0x80040E07): ORA-01722: invalid number
   於 System.Data.OleDb.OleDbCommand.ExecuteCommandTextErrorHandling(OleDbHResult hr)
   於 System.Data.OleDb.OleDbCommand.ExecuteCommandTextForMultpleResults(tagDBPARAMS dbParams, Object& executeResult)
   於 System.Data.OleDb.OleDbCommand.ExecuteCommandText(Object& executeResult)
   於 System.Data.OleDb.OleDbCommand.ExecuteCommand(CommandBehavior behavior, Object& executeResult)
   於 System.Data.OleDb.OleDbCommand.ExecuteReaderInternal(CommandBehavior behavior, String method)
   於 System.Data.OleDb.OleDbCommand.ExecuteNonQuery()
   於 RSL.EDI.UTIL.ClassDB.UpdData(String strSql)
2017/08/24 14:08:45>SQL EXECUTE錯誤: insert into TC_POS.Barcode (intItemNo, strBarcode, strEXTSRef1)
                                values ('00141食品', '食品', '00')
System.Data.OleDb.OleDbException (0x80040E07): ORA-01722: invalid number
   於 System.Data.OleDb.OleDbCommand.ExecuteCommandTextErrorHandling(OleDbHResult hr)
   於 System.Data.OleDb.OleDbCommand.ExecuteCommandTextForMultpleResults(tagDBPARAMS dbParams, Object& executeResult)
   於 System.Data.OleDb.OleDbCommand.ExecuteCommandText(Object& executeResult)
   於 System.Data.OleDb.OleDbCommand.ExecuteCommand(CommandBehavior behavior, Object& executeResult)
   於 System.Data.OleDb.OleDbCommand.ExecuteReaderInternal(CommandBehavior behavior, String method)
   於 System.Data.OleDb.OleDbCommand.ExecuteNonQuery()
   於 RSL.EDI.UTIL.ClassDB.UpdData(String strSql)
2017/08/24 14:08:45>SQL EXECUTE錯誤: insert into TC_POS.Cost (intCostNo, strSupplierCode, strStoreCode, intItemNo, ysnActive,dtmEffective,intMinOrder,intCartonSize,curExtaxCost,curCost)
                                values ('33', '9999', '00141', '00141食品', 'T', '2017/08/24', '1', '1', '0', '0')
System.Data.OleDb.OleDbException (0x80040E07): ORA-01722: invalid number
   於 System.Data.OleDb.OleDbCommand.ExecuteCommandTextErrorHandling(OleDbHResult hr)
   於 System.Data.OleDb.OleDbCommand.ExecuteCommandTextForMultpleResults(tagDBPARAMS dbParams, Object& executeResult)
   於 System.Data.OleDb.OleDbCommand.ExecuteCommandText(Object& executeResult)
   於 System.Data.OleDb.OleDbCommand.ExecuteCommand(CommandBehavior behavior, Object& executeResult)
   於 System.Data.OleDb.OleDbCommand.ExecuteReaderInternal(CommandBehavior behavior, String method)
   於 System.Data.OleDb.OleDbCommand.ExecuteNonQuery()
   於 RSL.EDI.UTIL.ClassDB.UpdData(String strSql)
2017/08/24 14:08:45>SQL EXECUTE錯誤: insert into TC_POS.Cost (intCostNo, strSupplierCode, strStoreCode, intItemNo, ysnActive,dtmEffective,intMinOrder,intCartonSize,curExtaxCost,curCost)
                                values ('33', '9999', '00141', '00141食品', 'T', '2017/08/24', '1', '1', '0', '0')
System.Data.OleDb.OleDbException (0x80040E07): ORA-01722: invalid number
   於 System.Data.OleDb.OleDbCommand.ExecuteCommandTextErrorHandling(OleDbHResult hr)
   於 System.Data.OleDb.OleDbCommand.ExecuteCommandTextForMultpleResults(tagDBPARAMS dbParams, Object& executeResult)
   於 System.Data.OleDb.OleDbCommand.ExecuteCommandText(Object& executeResult)
   於 System.Data.OleDb.OleDbCommand.ExecuteCommand(CommandBehavior behavior, Object& executeResult)
   於 System.Data.OleDb.OleDbCommand.ExecuteReaderInternal(CommandBehavior behavior, String method)
   於 System.Data.OleDb.OleDbCommand.ExecuteNonQuery()
   於 RSL.EDI.UTIL.ClassDB.UpdData(String strSql)
2017/08/24 14:08:46>SQL EXECUTE錯誤: insert into TC_POS.Item (intItemNo, strItemNamePOS, ysnActive, ysnRecipeItem, ysnSetMeal, ysnTrackSerialNo, ysnChargeService, ysnDiscountable, 
                                            ysnKeepStockCount, strMinUnit, ysnAskComment, strClassify1Code, strClassify2Code, strClassify3Code, strClassify4Code, strEXTSRef1,ysnAskPriceIfZero)
                                values ('00106黄金饰品', '黄金饰品', 'T', 'F', 'F', 'F', 'F', 'T', 'F', '1', 'F', '0', '0', '0', '0', '03','T')
System.Data.OleDb.OleDbException (0x80040E07): ORA-01722: invalid number
   於 System.Data.OleDb.OleDbCommand.ExecuteCommandTextErrorHandling(OleDbHResult hr)
   於 System.Data.OleDb.OleDbCommand.ExecuteCommandTextForMultpleResults(tagDBPARAMS dbParams, Object& executeResult)
   於 System.Data.OleDb.OleDbCommand.ExecuteCommandText(Object& executeResult)
   於 System.Data.OleDb.OleDbCommand.ExecuteCommand(CommandBehavior behavior, Object& executeResult)
   於 System.Data.OleDb.OleDbCommand.ExecuteReaderInternal(CommandBehavior behavior, String method)
   於 System.Data.OleDb.OleDbCommand.ExecuteNonQuery()
   於 RSL.EDI.UTIL.ClassDB.UpdData(String strSql)
2017/08/24 14:08:46>SQL EXECUTE錯誤: insert into TC_POS.Barcode (intItemNo, strBarcode, strEXTSRef1)
                                values ('00106黄金饰品', '黄金饰品', '03')
System.Data.OleDb.OleDbException (0x80040E07): ORA-01722: invalid number
   於 System.Data.OleDb.OleDbCommand.ExecuteCommandTextErrorHandling(OleDbHResult hr)
   於 System.Data.OleDb.OleDbCommand.ExecuteCommandTextForMultpleResults(tagDBPARAMS dbParams, Object& executeResult)
   於 System.Data.OleDb.OleDbCommand.ExecuteCommandText(Object& executeResult)
   於 System.Data.OleDb.OleDbCommand.ExecuteCommand(CommandBehavior behavior, Object& executeResult)
   於 System.Data.OleDb.OleDbCommand.ExecuteReaderInternal(CommandBehavior behavior, String method)
   於 System.Data.OleDb.OleDbCommand.ExecuteNonQuery()
   於 RSL.EDI.UTIL.ClassDB.UpdData(String strSql)
2017/08/24 14:08:46>SQL EXECUTE錯誤: insert into TC_POS.Cost (intCostNo, strSupplierCode, strStoreCode, intItemNo, ysnActive,dtmEffective,intMinOrder,intCartonSize,curExtaxCost,curCost)
                                values ('34', '9999', '00106', '00106黄金饰品', 'T', '2017/08/24', '1', '1', '0', '0')
System.Data.OleDb.OleDbException (0x80040E07): ORA-01722: invalid number
   於 System.Data.OleDb.OleDbCommand.ExecuteCommandTextErrorHandling(OleDbHResult hr)
   於 System.Data.OleDb.OleDbCommand.ExecuteCommandTextForMultpleResults(tagDBPARAMS dbParams, Object& executeResult)
   於 System.Data.OleDb.OleDbCommand.ExecuteCommandText(Object& executeResult)
   於 System.Data.OleDb.OleDbCommand.ExecuteCommand(CommandBehavior behavior, Object& executeResult)
   於 System.Data.OleDb.OleDbCommand.ExecuteReaderInternal(CommandBehavior behavior, String method)
   於 System.Data.OleDb.OleDbCommand.ExecuteNonQuery()
   於 RSL.EDI.UTIL.ClassDB.UpdData(String strSql)
2017/08/24 14:08:47>SQL EXECUTE錯誤: insert into TC_POS.Cost (intCostNo, strSupplierCode, strStoreCode, intItemNo, ysnActive,dtmEffective,intMinOrder,intCartonSize,curExtaxCost,curCost)
                                values ('34', '9999', '00106', '00106黄金饰品', 'T', '2017/08/24', '1', '1', '0', '0')
System.Data.OleDb.OleDbException (0x80040E07): ORA-01722: invalid number
   於 System.Data.OleDb.OleDbCommand.ExecuteCommandTextErrorHandling(OleDbHResult hr)
   於 System.Data.OleDb.OleDbCommand.ExecuteCommandTextForMultpleResults(tagDBPARAMS dbParams, Object& executeResult)
   於 System.Data.OleDb.OleDbCommand.ExecuteCommandText(Object& executeResult)
   於 System.Data.OleDb.OleDbCommand.ExecuteCommand(CommandBehavior behavior, Object& executeResult)
   於 System.Data.OleDb.OleDbCommand.ExecuteReaderInternal(CommandBehavior behavior, String method)
   於 System.Data.OleDb.OleDbCommand.ExecuteNonQuery()
   於 RSL.EDI.UTIL.ClassDB.UpdData(String strSql)
2017/08/24 14:08:47>SQL EXECUTE錯誤: insert into TC_POS.Classify3 (strClassify3Code, strClassify3Name)
                                values ('0', '')
System.Data.OleDb.OleDbException (0x80040E2F): ORA-00001: unique constraint (TC_POS.PK_CLASSIFY3) violated
   於 System.Data.OleDb.OleDbCommand.ExecuteCommandTextErrorHandling(OleDbHResult hr)
   於 System.Data.OleDb.OleDbCommand.ExecuteCommandTextForMultpleResults(tagDBPARAMS dbParams, Object& executeResult)
   於 System.Data.OleDb.OleDbCommand.ExecuteCommandText(Object& executeResult)
   於 System.Data.OleDb.OleDbCommand.ExecuteCommand(CommandBehavior behavior, Object& executeResult)
   於 System.Data.OleDb.OleDbCommand.ExecuteReaderInternal(CommandBehavior behavior, String method)
   於 System.Data.OleDb.OleDbCommand.ExecuteNonQuery()
   於 RSL.EDI.UTIL.ClassDB.UpdData(String strSql)
2017/08/24 14:08:47>SQL EXECUTE錯誤: insert into TC_POS.Classify4 (strClassify4Code, strClassify4Name)
                                values ('0', '')
System.Data.OleDb.OleDbException (0x80040E2F): ORA-00001: unique constraint (TC_POS.PK_CLASSIFY4) violated
   於 System.Data.OleDb.OleDbCommand.ExecuteCommandTextErrorHandling(OleDbHResult hr)
   於 System.Data.OleDb.OleDbCommand.ExecuteCommandTextForMultpleResults(tagDBPARAMS dbParams, Object& executeResult)
   於 System.Data.OleDb.OleDbCommand.ExecuteCommandText(Object& executeResult)
   於 System.Data.OleDb.OleDbCommand.ExecuteCommand(CommandBehavior behavior, Object& executeResult)
   於 System.Data.OleDb.OleDbCommand.ExecuteReaderInternal(CommandBehavior behavior, String method)
   於 System.Data.OleDb.OleDbCommand.ExecuteNonQuery()
   於 RSL.EDI.UTIL.ClassDB.UpdData(String strSql)
2017/08/24 14:08:47>SQL EXECUTE錯誤: insert into TC_POS.Item (intItemNo, strItemNamePOS, ysnActive, ysnRecipeItem, ysnSetMeal, ysnTrackSerialNo, ysnChargeService, ysnDiscountable, 
                                            ysnKeepStockCount, strMinUnit, ysnAskComment, strClassify1Code, strClassify2Code, strClassify3Code, strClassify4Code, strEXTSRef1,ysnAskPriceIfZero)
                                values ('00126女装', '女装', 'T', 'F', 'F', 'F', 'F', 'T', 'F', '1', 'F', '0', '0', '0', '0', '00','T')
System.Data.OleDb.OleDbException (0x80040E07): ORA-01722: invalid number
   於 System.Data.OleDb.OleDbCommand.ExecuteCommandTextErrorHandling(OleDbHResult hr)
   於 System.Data.OleDb.OleDbCommand.ExecuteCommandTextForMultpleResults(tagDBPARAMS dbParams, Object& executeResult)
   於 System.Data.OleDb.OleDbCommand.ExecuteCommandText(Object& executeResult)
   於 System.Data.OleDb.OleDbCommand.ExecuteCommand(CommandBehavior behavior, Object& executeResult)
   於 System.Data.OleDb.OleDbCommand.ExecuteReaderInternal(CommandBehavior behavior, String method)
   於 System.Data.OleDb.OleDbCommand.ExecuteNonQuery()
   於 RSL.EDI.UTIL.ClassDB.UpdData(String strSql)
2017/08/24 14:08:48>SQL EXECUTE錯誤: insert into TC_POS.Barcode (intItemNo, strBarcode, strEXTSRef1)
                                values ('00126女装', '女装', '00')
System.Data.OleDb.OleDbException (0x80040E07): ORA-01722: invalid number
   於 System.Data.OleDb.OleDbCommand.ExecuteCommandTextErrorHandling(OleDbHResult hr)
   於 System.Data.OleDb.OleDbCommand.ExecuteCommandTextForMultpleResults(tagDBPARAMS dbParams, Object& executeResult)
   於 System.Data.OleDb.OleDbCommand.ExecuteCommandText(Object& executeResult)
   於 System.Data.OleDb.OleDbCommand.ExecuteCommand(CommandBehavior behavior, Object& executeResult)
   於 System.Data.OleDb.OleDbCommand.ExecuteReaderInternal(CommandBehavior behavior, String method)
   於 System.Data.OleDb.OleDbCommand.ExecuteNonQuery()
   於 RSL.EDI.UTIL.ClassDB.UpdData(String strSql)
2017/08/24 14:08:48>SQL EXECUTE錯誤: insert into TC_POS.Cost (intCostNo, strSupplierCode, strStoreCode, intItemNo, ysnActive,dtmEffective,intMinOrder,intCartonSize,curExtaxCost,curCost)
                                values ('35', '9999', '00126', '00126女装', 'T', '2017/08/24', '1', '1', '0', '0')
System.Data.OleDb.OleDbException (0x80040E07): ORA-01722: invalid number
   於 System.Data.OleDb.OleDbCommand.ExecuteCommandTextErrorHandling(OleDbHResult hr)
   於 System.Data.OleDb.OleDbCommand.ExecuteCommandTextForMultpleResults(tagDBPARAMS dbParams, Object& executeResult)
   於 System.Data.OleDb.OleDbCommand.ExecuteCommandText(Object& executeResult)
   於 System.Data.OleDb.OleDbCommand.ExecuteCommand(CommandBehavior behavior, Object& executeResult)
   於 System.Data.OleDb.OleDbCommand.ExecuteReaderInternal(CommandBehavior behavior, String method)
   於 System.Data.OleDb.OleDbCommand.ExecuteNonQuery()
   於 RSL.EDI.UTIL.ClassDB.UpdData(String strSql)
2017/08/24 14:08:48>SQL EXECUTE錯誤: insert into TC_POS.Cost (intCostNo, strSupplierCode, strStoreCode, intItemNo, ysnActive,dtmEffective,intMinOrder,intCartonSize,curExtaxCost,curCost)
                                values ('35', '9999', '00126', '00126女装', 'T', '2017/08/24', '1', '1', '0', '0')
System.Data.OleDb.OleDbException (0x80040E07): ORA-01722: invalid number
   於 System.Data.OleDb.OleDbCommand.ExecuteCommandTextErrorHandling(OleDbHResult hr)
   於 System.Data.OleDb.OleDbCommand.ExecuteCommandTextForMultpleResults(tagDBPARAMS dbParams, Object& executeResult)
   於 System.Data.OleDb.OleDbCommand.ExecuteCommandText(Object& executeResult)
   於 System.Data.OleDb.OleDbCommand.ExecuteCommand(CommandBehavior behavior, Object& executeResult)
   於 System.Data.OleDb.OleDbCommand.ExecuteReaderInternal(CommandBehavior behavior, String method)
   於 System.Data.OleDb.OleDbCommand.ExecuteNonQuery()
   於 RSL.EDI.UTIL.ClassDB.UpdData(String strSql)
2017/08/24 14:08:48>SQL EXECUTE錯誤: insert into TC_POS.Classify3 (strClassify3Code, strClassify3Name)
                                values ('0', '')
System.Data.OleDb.OleDbException (0x80040E2F): ORA-00001: unique constraint (TC_POS.PK_CLASSIFY3) violated
   於 System.Data.OleDb.OleDbCommand.ExecuteCommandTextErrorHandling(OleDbHResult hr)
   於 System.Data.OleDb.OleDbCommand.ExecuteCommandTextForMultpleResults(tagDBPARAMS dbParams, Object& executeResult)
   於 System.Data.OleDb.OleDbCommand.ExecuteCommandText(Object& executeResult)
   於 System.Data.OleDb.OleDbCommand.ExecuteCommand(CommandBehavior behavior, Object& executeResult)
   於 System.Data.OleDb.OleDbCommand.ExecuteReaderInternal(CommandBehavior behavior, String method)
   於 System.Data.OleDb.OleDbCommand.ExecuteNonQuery()
   於 RSL.EDI.UTIL.ClassDB.UpdData(String strSql)
2017/08/24 14:08:49>SQL EXECUTE錯誤: insert into TC_POS.Classify4 (strClassify4Code, strClassify4Name)
                                values ('0', '')
System.Data.OleDb.OleDbException (0x80040E2F): ORA-00001: unique constraint (TC_POS.PK_CLASSIFY4) violated
   於 System.Data.OleDb.OleDbCommand.ExecuteCommandTextErrorHandling(OleDbHResult hr)
   於 System.Data.OleDb.OleDbCommand.ExecuteCommandTextForMultpleResults(tagDBPARAMS dbParams, Object& executeResult)
   於 System.Data.OleDb.OleDbCommand.ExecuteCommandText(Object& executeResult)
   於 System.Data.OleDb.OleDbCommand.ExecuteCommand(CommandBehavior behavior, Object& executeResult)
   於 System.Data.OleDb.OleDbCommand.ExecuteReaderInternal(CommandBehavior behavior, String method)
   於 System.Data.OleDb.OleDbCommand.ExecuteNonQuery()
   於 RSL.EDI.UTIL.ClassDB.UpdData(String strSql)
