2018/09/12 16:13:00>SQL EXECUTE錯誤: update {0}rm_pay_type set YSNDUMMY='T' where INTSORTNO = '2' )
System.Data.OleDb.OleDbException (0x80040E14): ORA-00911: invalid character
   於 System.Data.OleDb.OleDbCommand.ExecuteCommandTextErrorHandling(OleDbHResult hr)
   於 System.Data.OleDb.OleDbCommand.ExecuteCommandTextForMultpleResults(tagDBPARAMS dbParams, Object& executeResult)
   於 System.Data.OleDb.OleDbCommand.ExecuteCommandText(Object& executeResult)
   於 System.Data.OleDb.OleDbCommand.ExecuteCommand(CommandBehavior behavior, Object& executeResult)
   於 System.Data.OleDb.OleDbCommand.ExecuteReaderInternal(CommandBehavior behavior, String method)
   於 System.Data.OleDb.OleDbCommand.ExecuteNonQuery()
   於 RSL.EDI.UTIL.ClassDB.UpdData(String strSql)
2018/09/12 17:36:11>SQL EXECUTE錯誤: update TC_POS14.TC_POSPOSTRANSPAYMENT set YSNDUMMY='T' where INTSORTNO = '2' )
System.Data.OleDb.OleDbException (0x80040E14): ORA-00933: SQL command not properly ended
   於 System.Data.OleDb.OleDbCommand.ExecuteCommandTextErrorHandling(OleDbHResult hr)
   於 System.Data.OleDb.OleDbCommand.ExecuteCommandTextForMultpleResults(tagDBPARAMS dbParams, Object& executeResult)
   於 System.Data.OleDb.OleDbCommand.ExecuteCommandText(Object& executeResult)
   於 System.Data.OleDb.OleDbCommand.ExecuteCommand(CommandBehavior behavior, Object& executeResult)
   於 System.Data.OleDb.OleDbCommand.ExecuteReaderInternal(CommandBehavior behavior, String method)
   於 System.Data.OleDb.OleDbCommand.ExecuteNonQuery()
   於 RSL.EDI.UTIL.ClassDB.UpdData(String strSql)
2018/09/12 17:38:20>SQL EXECUTE錯誤: update TC_POS14.POSTRANSPAYMEN set YSNDUMMY='T' where INTSORTNO = '2' )
System.Data.OleDb.OleDbException (0x80040E14): ORA-00933: SQL command not properly ended
   於 System.Data.OleDb.OleDbCommand.ExecuteCommandTextErrorHandling(OleDbHResult hr)
   於 System.Data.OleDb.OleDbCommand.ExecuteCommandTextForMultpleResults(tagDBPARAMS dbParams, Object& executeResult)
   於 System.Data.OleDb.OleDbCommand.ExecuteCommandText(Object& executeResult)
   於 System.Data.OleDb.OleDbCommand.ExecuteCommand(CommandBehavior behavior, Object& executeResult)
   於 System.Data.OleDb.OleDbCommand.ExecuteReaderInternal(CommandBehavior behavior, String method)
   於 System.Data.OleDb.OleDbCommand.ExecuteNonQuery()
   於 RSL.EDI.UTIL.ClassDB.UpdData(String strSql)
2018/09/12 17:40:07>SQL EXECUTE錯誤: update TC_POS14.POSTRANSPAYMEN set YSNDUMMY='T' where INTSORTNO = '2' )
System.Data.OleDb.OleDbException (0x80040E14): ORA-00933: SQL command not properly ended
   於 System.Data.OleDb.OleDbCommand.ExecuteCommandTextErrorHandling(OleDbHResult hr)
   於 System.Data.OleDb.OleDbCommand.ExecuteCommandTextForMultpleResults(tagDBPARAMS dbParams, Object& executeResult)
   於 System.Data.OleDb.OleDbCommand.ExecuteCommandText(Object& executeResult)
   於 System.Data.OleDb.OleDbCommand.ExecuteCommand(CommandBehavior behavior, Object& executeResult)
   於 System.Data.OleDb.OleDbCommand.ExecuteReaderInternal(CommandBehavior behavior, String method)
   於 System.Data.OleDb.OleDbCommand.ExecuteNonQuery()
   於 RSL.EDI.UTIL.ClassDB.UpdData(String strSql)
2018/09/12 17:47:35>SQL EXECUTE錯誤: update TC_POS14.POSTRANSPAYMEN set YSNDUMMY='T' where INTSORTNO = '2' 
System.Data.OleDb.OleDbException (0x80040E37): ORA-00942: table or view does not exist
   於 System.Data.OleDb.OleDbCommand.ExecuteCommandTextErrorHandling(OleDbHResult hr)
   於 System.Data.OleDb.OleDbCommand.ExecuteCommandTextForMultpleResults(tagDBPARAMS dbParams, Object& executeResult)
   於 System.Data.OleDb.OleDbCommand.ExecuteCommandText(Object& executeResult)
   於 System.Data.OleDb.OleDbCommand.ExecuteCommand(CommandBehavior behavior, Object& executeResult)
   於 System.Data.OleDb.OleDbCommand.ExecuteReaderInternal(CommandBehavior behavior, String method)
   於 System.Data.OleDb.OleDbCommand.ExecuteNonQuery()
   於 RSL.EDI.UTIL.ClassDB.UpdData(String strSql)
2018/09/12 17:49:33>SQL EXECUTE錯誤: update TC_POS14.POSTRANSPAYMEN set YSNDUMMY='T' where INTSORTNO = '2' 
System.Data.OleDb.OleDbException (0x80040E37): ORA-00942: table or view does not exist
   於 System.Data.OleDb.OleDbCommand.ExecuteCommandTextErrorHandling(OleDbHResult hr)
   於 System.Data.OleDb.OleDbCommand.ExecuteCommandTextForMultpleResults(tagDBPARAMS dbParams, Object& executeResult)
   於 System.Data.OleDb.OleDbCommand.ExecuteCommandText(Object& executeResult)
   於 System.Data.OleDb.OleDbCommand.ExecuteCommand(CommandBehavior behavior, Object& executeResult)
   於 System.Data.OleDb.OleDbCommand.ExecuteReaderInternal(CommandBehavior behavior, String method)
   於 System.Data.OleDb.OleDbCommand.ExecuteNonQuery()
   於 RSL.EDI.UTIL.ClassDB.UpdData(String strSql)
2018/09/12 17:50:26>SQL EXECUTE錯誤: update TC_POS14.POSTRANSPAYMEN set YSNDUMMY='T' where INTSORTNO = '2' 
System.Data.OleDb.OleDbException (0x80040E37): ORA-00942: table or view does not exist
   於 System.Data.OleDb.OleDbCommand.ExecuteCommandTextErrorHandling(OleDbHResult hr)
   於 System.Data.OleDb.OleDbCommand.ExecuteCommandTextForMultpleResults(tagDBPARAMS dbParams, Object& executeResult)
   於 System.Data.OleDb.OleDbCommand.ExecuteCommandText(Object& executeResult)
   於 System.Data.OleDb.OleDbCommand.ExecuteCommand(CommandBehavior behavior, Object& executeResult)
   於 System.Data.OleDb.OleDbCommand.ExecuteReaderInternal(CommandBehavior behavior, String method)
   於 System.Data.OleDb.OleDbCommand.ExecuteNonQuery()
   於 RSL.EDI.UTIL.ClassDB.UpdData(String strSql)
2018/09/12 18:06:23>SQL EXECUTE錯誤: update TC_POS14.POSTRANSPAYMEN set YSNDUMMY='T' where INTSORTNO = '2' 
System.Data.OleDb.OleDbException (0x80040E37): ORA-00942: table or view does not exist
   於 System.Data.OleDb.OleDbCommand.ExecuteCommandTextErrorHandling(OleDbHResult hr)
   於 System.Data.OleDb.OleDbCommand.ExecuteCommandTextForMultpleResults(tagDBPARAMS dbParams, Object& executeResult)
   於 System.Data.OleDb.OleDbCommand.ExecuteCommandText(Object& executeResult)
   於 System.Data.OleDb.OleDbCommand.ExecuteCommand(CommandBehavior behavior, Object& executeResult)
   於 System.Data.OleDb.OleDbCommand.ExecuteReaderInternal(CommandBehavior behavior, String method)
   於 System.Data.OleDb.OleDbCommand.ExecuteNonQuery()
   於 RSL.EDI.UTIL.ClassDB.UpdData(String strSql)
2018/09/12 18:15:02>SQL EXECUTE錯誤: update TC_POS14.POSTRANSPAYMEN set YSNDUMMY='T' where INTSORTNO = '2' 
System.Data.OleDb.OleDbException (0x80040E37): ORA-00942: table or view does not exist
   於 System.Data.OleDb.OleDbCommand.ExecuteCommandTextErrorHandling(OleDbHResult hr)
   於 System.Data.OleDb.OleDbCommand.ExecuteCommandTextForMultpleResults(tagDBPARAMS dbParams, Object& executeResult)
   於 System.Data.OleDb.OleDbCommand.ExecuteCommandText(Object& executeResult)
   於 System.Data.OleDb.OleDbCommand.ExecuteCommand(CommandBehavior behavior, Object& executeResult)
   於 System.Data.OleDb.OleDbCommand.ExecuteReaderInternal(CommandBehavior behavior, String method)
   於 System.Data.OleDb.OleDbCommand.ExecuteNonQuery()
   於 RSL.EDI.UTIL.ClassDB.UpdData(String strSql)
2018/09/12 23:09:55>SQL EXECUTE錯誤: update TC_POS14.POSTRANSPAYMEN set YSNDUMMY='T' where INTSORTNO = '2' 
System.Data.OleDb.OleDbException (0x80040E37): ORA-00942: table or view does not exist
   於 System.Data.OleDb.OleDbCommand.ExecuteCommandTextErrorHandling(OleDbHResult hr)
   於 System.Data.OleDb.OleDbCommand.ExecuteCommandTextForMultpleResults(tagDBPARAMS dbParams, Object& executeResult)
   於 System.Data.OleDb.OleDbCommand.ExecuteCommandText(Object& executeResult)
   於 System.Data.OleDb.OleDbCommand.ExecuteCommand(CommandBehavior behavior, Object& executeResult)
   於 System.Data.OleDb.OleDbCommand.ExecuteReaderInternal(CommandBehavior behavior, String method)
   於 System.Data.OleDb.OleDbCommand.ExecuteNonQuery()
   於 RSL.EDI.UTIL.ClassDB.UpdData(String strSql)
2018/09/12 23:18:36>SQL EXECUTE錯誤: update TC_POS14.POSTRANSPAYMEN set YSNDUMMY='T' where INTSORTNO = 2 
System.Data.OleDb.OleDbException (0x80040E37): ORA-00942: table or view does not exist
   於 System.Data.OleDb.OleDbCommand.ExecuteCommandTextErrorHandling(OleDbHResult hr)
   於 System.Data.OleDb.OleDbCommand.ExecuteCommandTextForMultpleResults(tagDBPARAMS dbParams, Object& executeResult)
   於 System.Data.OleDb.OleDbCommand.ExecuteCommandText(Object& executeResult)
   於 System.Data.OleDb.OleDbCommand.ExecuteCommand(CommandBehavior behavior, Object& executeResult)
   於 System.Data.OleDb.OleDbCommand.ExecuteReaderInternal(CommandBehavior behavior, String method)
   於 System.Data.OleDb.OleDbCommand.ExecuteNonQuery()
   於 RSL.EDI.UTIL.ClassDB.UpdData(String strSql)
2018/09/12 23:24:22>SQL EXECUTE錯誤:  UPDATE POSTRANSPAYMENT  SET YSNDUMMY = 'YY' WHERE LINTGLOBALTRANSNO = 1 
System.Data.OleDb.OleDbException (0x80040E57): ORA-12899: value too large for column "TC_POS14"."POSTRANSPAYMENT"."YSNDUMMY" (actual: 2, maximum: 1)
   於 System.Data.OleDb.OleDbCommand.ExecuteCommandTextErrorHandling(OleDbHResult hr)
   於 System.Data.OleDb.OleDbCommand.ExecuteCommandTextForMultpleResults(tagDBPARAMS dbParams, Object& executeResult)
   於 System.Data.OleDb.OleDbCommand.ExecuteCommandText(Object& executeResult)
   於 System.Data.OleDb.OleDbCommand.ExecuteCommand(CommandBehavior behavior, Object& executeResult)
   於 System.Data.OleDb.OleDbCommand.ExecuteReaderInternal(CommandBehavior behavior, String method)
   於 System.Data.OleDb.OleDbCommand.ExecuteNonQuery()
   於 RSL.EDI.UTIL.ClassDB.UpdData(String strSql)
