2017/08/01 16:47:01>SQL SELECT錯誤: 
                                    SELECT  
                                    ifnull(d.BARCODE_ID, '') AS PluId, 
                                    d.GOODS_ID AS PluSecId, 
                                    d.IS_OVER AS PluStop, 
                                    d.SHOP_ID AS PluDept, 
                                    ifnull(d.BARCODE_ID, '') AS PluPrdId,
                                    m.GOODS_NAME AS PluName, 
                                    TAX AS PluTax,
                                    CASE WHEN DISCOUNT = 'Y' THEN '1' ELSE '0' END AS PluDiscount,
                                    IFNULL(m.MPRC,0) AS PluOrgPrice,
                                    CS_DATE AS PluBDate,
                                    IO_DATE AS PluEDate,
                                    SC_ID,
                                    SUPP_ID,
                                    VENDOR_ID
                                    FROM skm_pos.rs_goods_d d
                                        left join skm_pos.rs_goods_m m on d.GOODS_ID = m.GOODS_ID
                                    WHERE SHOP_ID = '3010' 
                                     AND (BTIME > '2016/08/09 23:57' or CTIME > '2016/08/09 23:57') AND M.GOODS_ID NOT IN ('50000568')
MySql.Data.MySqlClient.MySqlException (0x80004005): Column 'BTIME' in where clause is ambiguous
   於 MySql.Data.MySqlClient.MySqlStream.ReadPacket()
   於 MySql.Data.MySqlClient.NativeDriver.GetResult(Int32& affectedRow, Int64& insertedId)
   於 MySql.Data.MySqlClient.Driver.GetResult(Int32 statementId, Int32& affectedRows, Int64& insertedId)
   於 MySql.Data.MySqlClient.Driver.NextResult(Int32 statementId, Boolean force)
   於 MySql.Data.MySqlClient.MySqlDataReader.NextResult()
   於 MySql.Data.MySqlClient.MySqlCommand.ExecuteReader(CommandBehavior behavior)
   於 MySql.Data.MySqlClient.MySqlCommand.ExecuteDbDataReader(CommandBehavior behavior)
   於 System.Data.Common.DbCommand.System.Data.IDbCommand.ExecuteReader(CommandBehavior behavior)
   於 System.Data.Common.DbDataAdapter.FillInternal(DataSet dataset, DataTable[] datatables, Int32 startRecord, Int32 maxRecords, String srcTable, IDbCommand command, CommandBehavior behavior)
   於 System.Data.Common.DbDataAdapter.Fill(DataTable[] dataTables, Int32 startRecord, Int32 maxRecords, IDbCommand command, CommandBehavior behavior)
   於 System.Data.Common.DbDataAdapter.Fill(DataTable dataTable)
   於 AppWebAPI.Adapters.MariaDB.GetData(String strSql) 於 d:\Inetpub\TPOSAPI_SKM\AppWebAPI\Adapters\MariaDB.cs: 行 157
