2017/07/19 15:53:41>DB連線OPEN失敗:
System.Data.SqlClient.SqlException (0x80131904): 建立連接至 SQL Server 時，發生網路相關或執行個體特定的錯誤。找不到或無法存取伺服器。確認執行個名稱是否正確，以及 SQL Server 是否設定為允許遠端連線。 (provider: Named Pipes Provider, error: 40 - 無法開啟至 SQL Server 的連接) ---> System.ComponentModel.Win32Exception (0x80004005): 找不到網路路徑。
   於 System.Data.SqlClient.SqlInternalConnectionTds..ctor(DbConnectionPoolIdentity identity, SqlConnectionString connectionOptions, SqlCredential credential, Object providerInfo, String newPassword, SecureString newSecurePassword, Boolean redirectedUserInstance, SqlConnectionString userConnectionOptions, SessionData reconnectSessionData, DbConnectionPool pool, String accessToken, Boolean applyTransientFaultHandling)
   於 System.Data.SqlClient.SqlConnectionFactory.CreateConnection(DbConnectionOptions options, DbConnectionPoolKey poolKey, Object poolGroupProviderInfo, DbConnectionPool pool, DbConnection owningConnection, DbConnectionOptions userOptions)
   於 System.Data.ProviderBase.DbConnectionFactory.CreatePooledConnection(DbConnectionPool pool, DbConnection owningObject, DbConnectionOptions options, DbConnectionPoolKey poolKey, DbConnectionOptions userOptions)
   於 System.Data.ProviderBase.DbConnectionPool.CreateObject(DbConnection owningObject, DbConnectionOptions userOptions, DbConnectionInternal oldConnection)
   於 System.Data.ProviderBase.DbConnectionPool.UserCreateRequest(DbConnection owningObject, DbConnectionOptions userOptions, DbConnectionInternal oldConnection)
   於 System.Data.ProviderBase.DbConnectionPool.TryGetConnection(DbConnection owningObject, UInt32 waitForMultipleObjectsTimeout, Boolean allowCreate, Boolean onlyOneCheckConnection, DbConnectionOptions userOptions, DbConnectionInternal& connection)
   於 System.Data.ProviderBase.DbConnectionPool.TryGetConnection(DbConnection owningObject, TaskCompletionSource`1 retry, DbConnectionOptions userOptions, DbConnectionInternal& connection)
   於 System.Data.ProviderBase.DbConnectionFactory.TryGetConnection(DbConnection owningConnection, TaskCompletionSource`1 retry, DbConnectionOptions userOptions, DbConnectionInternal oldConnection, DbConnectionInternal& connection)
   於 System.Data.ProviderBase.DbConnectionInternal.TryOpenConnectionInternal(DbConnection outerConnection, DbConnectionFactory connectionFactory, TaskCompletionSource`1 retry, DbConnectionOptions userOptions)
   於 System.Data.ProviderBase.DbConnectionClosed.TryOpenConnection(DbConnection outerConnection, DbConnectionFactory connectionFactory, TaskCompletionSource`1 retry, DbConnectionOptions userOptions)
   於 System.Data.SqlClient.SqlConnection.TryOpenInner(TaskCompletionSource`1 retry)
   於 System.Data.SqlClient.SqlConnection.TryOpen(TaskCompletionSource`1 retry)
   於 System.Data.SqlClient.SqlConnection.Open()
   於 AppWebAPI.Adapters.SqlDB.GoConn(SqlConnection conn) 於 d:\Inetpub\TPOSAPI_SKM\AppWebAPI\Adapters\SqlDB.cs: 行 69
ClientConnectionId:00000000-0000-0000-0000-000000000000
Error Number:53,State:0,Class:20
2017/07/19 15:53:41>DB連線OPEN失敗:
System.Data.SqlClient.SqlException (0x80131904): 建立連接至 SQL Server 時，發生網路相關或執行個體特定的錯誤。找不到或無法存取伺服器。確認執行個名稱是否正確，以及 SQL Server 是否設定為允許遠端連線。 (provider: Named Pipes Provider, error: 40 - 無法開啟至 SQL Server 的連接) ---> System.ComponentModel.Win32Exception (0x80004005): 找不到網路路徑。
   於 System.Data.ProviderBase.DbConnectionPool.TryGetConnection(DbConnection owningObject, UInt32 waitForMultipleObjectsTimeout, Boolean allowCreate, Boolean onlyOneCheckConnection, DbConnectionOptions userOptions, DbConnectionInternal& connection)
   於 System.Data.ProviderBase.DbConnectionPool.TryGetConnection(DbConnection owningObject, TaskCompletionSource`1 retry, DbConnectionOptions userOptions, DbConnectionInternal& connection)
   於 System.Data.ProviderBase.DbConnectionFactory.TryGetConnection(DbConnection owningConnection, TaskCompletionSource`1 retry, DbConnectionOptions userOptions, DbConnectionInternal oldConnection, DbConnectionInternal& connection)
   於 System.Data.ProviderBase.DbConnectionInternal.TryOpenConnectionInternal(DbConnection outerConnection, DbConnectionFactory connectionFactory, TaskCompletionSource`1 retry, DbConnectionOptions userOptions)
   於 System.Data.ProviderBase.DbConnectionClosed.TryOpenConnection(DbConnection outerConnection, DbConnectionFactory connectionFactory, TaskCompletionSource`1 retry, DbConnectionOptions userOptions)
   於 System.Data.SqlClient.SqlConnection.TryOpenInner(TaskCompletionSource`1 retry)
   於 System.Data.SqlClient.SqlConnection.TryOpen(TaskCompletionSource`1 retry)
   於 System.Data.SqlClient.SqlConnection.Open()
   於 AppWebAPI.Adapters.SqlDB.GoConn(SqlConnection conn) 於 d:\Inetpub\TPOSAPI_SKM\AppWebAPI\Adapters\SqlDB.cs: 行 69
ClientConnectionId:00000000-0000-0000-0000-000000000000
Error Number:53,State:0,Class:20
