2017/07/15 01:12:59>DB連線OPEN失敗:
System.Data.SqlClient.SqlException (0x80131904): 與伺服器的連接已成功建立，但在登入前的信號交換時發生錯誤。 (provider: SSL Provider, error: 0 - 等候操作已逾時。) ---> System.ComponentModel.Win32Exception (0x80004005): 等候操作已逾時。
   於 System.Data.SqlClient.SqlInternalConnectionTds..ctor(DbConnectionPoolIdentity identity, SqlConnectionString connectionOptions, SqlCredential credential, Object providerInfo, String newPassword, SecureString newSecurePassword, Boolean redirectedUserInstance, SqlConnectionString userConnectionOptions, SessionData reconnectSessionData, DbConnectionPool pool, String accessToken, Boolean applyTransientFaultHandling)
   於 System.Data.SqlClient.SqlConnectionFactory.CreateConnection(DbConnectionOptions options, DbConnectionPoolKey poolKey, Object poolGroupProviderInfo, DbConnectionPool pool, DbConnection owningConnection, DbConnectionOptions userOptions)
   於 System.Data.ProviderBase.DbConnectionFactory.CreatePooledConnection(DbConnectionPool pool, DbConnection owningObject, DbConnectionOptions options, DbConnectionPoolKey poolKey, DbConnectionOptions userOptions)
   於 System.Data.ProviderBase.DbConnectionPool.CreateObject(DbConnection owningObject, DbConnectionOptions userOptions, DbConnectionInternal oldConnection)
   於 System.Data.ProviderBase.DbConnectionPool.UserCreateRequest(DbConnection owningObject, DbConnectionOptions userOptions, DbConnectionInternal oldConnection)
   於 System.Data.ProviderBase.DbConnectionPool.TryGetConnection(DbConnection owningObject, UInt32 waitForMultipleObjectsTimeout, Boolean allowCreate, Boolean onlyOneCheckConnection, DbConnectionOptions userOptions, DbConnectionInternal& connection)
   於 System.Data.ProviderBase.DbConnectionPool.TryGetConnection(DbConnection owningObject, TaskCompletionSource`1 retry, DbConnectionOptions userOptions, DbConnectionInternal& connection)
   於 System.Data.ProviderBase.DbConnectionFactory.TryGetConnection(DbConnection owningConnection, TaskCompletionSource`1 retry, DbConnectionOptions userOptions, DbConnectionInternal oldConnection, DbConnectionInternal& connection)
   於 System.Data.ProviderBase.DbConnectionInternal.TryOpenConnectionInternal(DbConnection outerConnection, DbConnectionFactory connectionFactory, TaskCompletionSource`1 retry, DbConnectionOptions userOptions)
   於 System.Data.ProviderBase.DbConnectionClosed.TryOpenConnection(DbConnection outerConnection, DbConnectionFactory connectionFactory, TaskCompletionSource`1 retry, DbConnectionOptions userOptions)
   於 System.Data.SqlClient.SqlConnection.TryOpenInner(TaskCompletionSource`1 retry)
   於 System.Data.SqlClient.SqlConnection.TryOpen(TaskCompletionSource`1 retry)
   於 System.Data.SqlClient.SqlConnection.Open()
   於 AppWebAPI.Adapters.SqlDB.GoConn(SqlConnection conn) 於 d:\Inetpub\TPOSAPI_SKM\AppWebAPI\Adapters\SqlDB.cs: 行 69
ClientConnectionId:9d0d721d-af70-46f4-a569-65a8c32d1c61
Error Number:258,State:0,Class:20
2017/07/15 01:13:00>DB連線OPEN失敗:
System.Data.SqlClient.SqlException (0x80131904): 與伺服器的連接已成功建立，但在登入前的信號交換時發生錯誤。 (provider: SSL Provider, error: 0 - 等候操作已逾時。) ---> System.ComponentModel.Win32Exception (0x80004005): 等候操作已逾時。
   於 System.Data.ProviderBase.DbConnectionPool.TryGetConnection(DbConnection owningObject, UInt32 waitForMultipleObjectsTimeout, Boolean allowCreate, Boolean onlyOneCheckConnection, DbConnectionOptions userOptions, DbConnectionInternal& connection)
   於 System.Data.ProviderBase.DbConnectionPool.TryGetConnection(DbConnection owningObject, TaskCompletionSource`1 retry, DbConnectionOptions userOptions, DbConnectionInternal& connection)
   於 System.Data.ProviderBase.DbConnectionFactory.TryGetConnection(DbConnection owningConnection, TaskCompletionSource`1 retry, DbConnectionOptions userOptions, DbConnectionInternal oldConnection, DbConnectionInternal& connection)
   於 System.Data.ProviderBase.DbConnectionInternal.TryOpenConnectionInternal(DbConnection outerConnection, DbConnectionFactory connectionFactory, TaskCompletionSource`1 retry, DbConnectionOptions userOptions)
   於 System.Data.ProviderBase.DbConnectionClosed.TryOpenConnection(DbConnection outerConnection, DbConnectionFactory connectionFactory, TaskCompletionSource`1 retry, DbConnectionOptions userOptions)
   於 System.Data.SqlClient.SqlConnection.TryOpenInner(TaskCompletionSource`1 retry)
   於 System.Data.SqlClient.SqlConnection.TryOpen(TaskCompletionSource`1 retry)
   於 System.Data.SqlClient.SqlConnection.Open()
   於 AppWebAPI.Adapters.SqlDB.GoConn(SqlConnection conn) 於 d:\Inetpub\TPOSAPI_SKM\AppWebAPI\Adapters\SqlDB.cs: 行 69
ClientConnectionId:9d0d721d-af70-46f4-a569-65a8c32d1c61
Error Number:258,State:0,Class:20
