2018/09/20 09:55:30>Till數量1
2018/09/20 09:55:30>{"pos_detail":[{"strtillcode":"000001","strtillname":"","strstorecode":"0001","ysnactive":"T","strtilltype":"C","strtillprofileno":"1","intPosfastkeyno":1,"strEinv_ysnenable":"T","strEinv_ysntestimode":"F"}]}
2018/09/20 10:15:35>Store數量1
2018/09/20 10:15:35>Casher數量1
2018/09/20 10:35:09>Till數量1
2018/09/20 10:35:26>{"pos_detail":[{"strtillcode":"000001","strtillname":"","strstorecode":"0001","ysnactive":"T","strtilltype":"C","strtillprofileno":"1","intPosfastkeyno":1,"strEinv_ysnenable":"T","strEinv_ysntestimode":"F"}]}
2018/09/20 10:36:13>Casher數量1
2018/09/20 10:36:19>Store數量1
2018/09/20 10:36:26>Item數量208
2018/09/20 10:41:01>Till數量1
2018/09/20 10:41:02>{"pos_detail":[{"strtillcode":"000001","strtillname":"","strstorecode":"0001","ysnactive":"T","strtilltype":"C","strtillprofileno":"1","intPosfastkeyno":1,"strEinv_ysnenable":"T","strEinv_ysntestimode":"F"}]}
2018/09/20 11:01:58>Store數量1
2018/09/20 11:01:58>Casher數量1
2018/09/20 11:08:17>Till數量1
2018/09/20 11:08:18>{"pos_detail":[{"strtillcode":"000001","strtillname":"","strstorecode":"0001","ysnactive":"T","strtilltype":"C","strtillprofileno":"1","intPosfastkeyno":1,"strEinv_ysnenable":"T","strEinv_ysntestimode":"F"}]}
2018/09/20 11:08:52>Casher數量1
2018/09/20 11:09:00>Store數量1
2018/09/20 11:09:08>Item數量208
2018/09/20 11:15:09>Till數量1
2018/09/20 11:15:11>{"pos_detail":[{"strtillcode":"000001","strtillname":"","strstorecode":"0001","ysnactive":"T","strtilltype":"C","strtillprofileno":"1","intPosfastkeyno":1,"strEinv_ysnenable":"T","strEinv_ysntestimode":"F"}]}
2018/09/20 11:16:32>Casher數量1
2018/09/20 11:16:39>Store數量1
2018/09/20 11:16:46>Item數量208
2018/09/20 11:19:03>Till數量1
2018/09/20 11:19:04>{"pos_detail":[{"strtillcode":"000001","strtillname":"","strstorecode":"0001","ysnactive":"T","strtilltype":"C","strtillprofileno":"1","intPosfastkeyno":1,"strEinv_ysnenable":"T","strEinv_ysntestimode":"F"}]}
2018/09/20 11:20:38>Casher數量1
2018/09/20 11:20:44>Store數量1
2018/09/20 11:20:50>Item數量208
2018/09/20 11:43:35>Till數量1
2018/09/20 11:43:48>{"pos_detail":[{"strtillcode":"000001","strtillname":"","strstorecode":"0001","ysnactive":"T","strtilltype":"C","strtillprofileno":"1","intPosfastkeyno":1,"strEinv_ysnenable":"T","strEinv_ysntestimode":"F"}]}
2018/09/20 11:43:59>Casher數量1
2018/09/20 11:44:06>Store數量1
2018/09/20 11:44:13>Item數量208
2018/09/20 11:51:15>Till數量1
2018/09/20 11:51:19>{"pos_detail":[{"strtillcode":"000001","strtillname":"","strstorecode":"0001","ysnactive":"T","strtilltype":"C","strtillprofileno":"1","intPosfastkeyno":1,"strEinv_ysnenable":"T","strEinv_ysntestimode":"F"}]}
2018/09/20 11:52:39>Casher數量1
2018/09/20 11:52:44>Store數量1
2018/09/20 11:52:51>Item數量208
2018/09/20 12:10:17>Till數量1
2018/09/20 12:10:18>{"pos_detail":[{"strtillcode":"000001","strtillname":"","strstorecode":"0001","ysnactive":"T","strtilltype":"C","strtillprofileno":"1","intPosfastkeyno":1,"strEinv_ysnenable":"T","strEinv_ysntestimode":"F"}]}
2018/09/20 12:10:48>Casher數量1
2018/09/20 12:10:55>Store數量1
2018/09/20 12:11:00>Item數量208
2018/09/20 12:20:13>Till數量1
2018/09/20 12:20:26>{"pos_detail":[{"strtillcode":"000001","strtillname":"","strstorecode":"0001","ysnactive":"T","strtilltype":"C","strtillprofileno":"1","intPosfastkeyno":1,"strEinv_ysnenable":"T","strEinv_ysntestimode":"F"}]}
2018/09/20 12:21:09>Casher數量1
2018/09/20 12:21:15>Store數量1
2018/09/20 12:21:22>Item數量208
2018/09/20 12:26:04>Till數量1
2018/09/20 12:26:09>{"pos_detail":[{"strtillcode":"000001","strtillname":"","strstorecode":"0001","ysnactive":"T","strtilltype":"C","strtillprofileno":"1","intPosfastkeyno":1,"strEinv_ysnenable":"T","strEinv_ysntestimode":"F"}]}
2018/09/20 12:26:54>Casher數量1
2018/09/20 12:27:00>Store數量1
2018/09/20 12:27:07>Item數量208
2018/09/20 12:29:16>Till數量1
2018/09/20 12:29:18>{"pos_detail":[{"strtillcode":"000001","strtillname":"","strstorecode":"0001","ysnactive":"T","strtilltype":"C","strtillprofileno":"1","intPosfastkeyno":1,"strEinv_ysnenable":"T","strEinv_ysntestimode":"F"}]}
2018/09/20 12:30:00>Casher數量1
2018/09/20 12:30:05>Store數量1
2018/09/20 12:30:11>Item數量208
2018/09/20 12:38:53>Till數量1
2018/09/20 12:38:54>{"pos_detail":[{"strtillcode":"000001","strtillname":"","strstorecode":"0001","ysnactive":"T","strtilltype":"C","strtillprofileno":"1","intPosfastkeyno":1,"strEinv_ysnenable":"T","strEinv_ysntestimode":"F"}]}
2018/09/20 12:40:06>Casher數量1
2018/09/20 12:40:12>Store數量1
2018/09/20 12:40:19>Item數量208
2018/09/20 12:47:15>Till數量1
2018/09/20 12:47:16>{"pos_detail":[{"strtillcode":"000001","strtillname":"","strstorecode":"0001","ysnactive":"T","strtilltype":"C","strtillprofileno":"1","intPosfastkeyno":1,"strEinv_ysnenable":"T","strEinv_ysntestimode":"F"}]}
2018/09/20 12:47:40>Casher數量1
2018/09/20 12:47:47>Store數量1
