2018/08/20 14:45:02>DB連線OPEN失敗:
MySql.Data.MySqlClient.MySqlException (0x80004005): Unable to connect to any of the specified MySQL hosts.
   於 MySql.Data.MySqlClient.NativeDriver.Open()
   於 MySql.Data.MySqlClient.Driver.Open()
   於 MySql.Data.MySqlClient.Driver.Create(MySqlConnectionStringBuilder settings)
   於 MySql.Data.MySqlClient.MySqlPool.CreateNewPooledConnection()
   於 MySql.Data.MySqlClient.MySqlPool.GetPooledConnection()
   於 MySql.Data.MySqlClient.MySqlPool.TryToGetDriver()
   於 MySql.Data.MySqlClient.MySqlPool.GetConnection()
   於 MySql.Data.MySqlClient.MySqlConnection.Open()
   於 AppWebAPI.Adapters.MariaDB.GoConn(MySqlConnection conn) 於 d:\Program\TPOSAPI_TCMS\AppWebAPI\Adapters\MariaDB.cs: 行 83
2018/08/20 14:45:25>DB連線OPEN失敗:
MySql.Data.MySqlClient.MySqlException (0x80004005): Unable to connect to any of the specified MySQL hosts.
   於 MySql.Data.MySqlClient.NativeDriver.Open()
   於 MySql.Data.MySqlClient.Driver.Open()
   於 MySql.Data.MySqlClient.Driver.Create(MySqlConnectionStringBuilder settings)
   於 MySql.Data.MySqlClient.MySqlPool.CreateNewPooledConnection()
   於 MySql.Data.MySqlClient.MySqlPool.GetPooledConnection()
   於 MySql.Data.MySqlClient.MySqlPool.TryToGetDriver()
   於 MySql.Data.MySqlClient.MySqlPool.GetConnection()
   於 MySql.Data.MySqlClient.MySqlConnection.Open()
   於 AppWebAPI.Adapters.MariaDB.GoConn(MySqlConnection conn) 於 d:\Program\TPOSAPI_TCMS\AppWebAPI\Adapters\MariaDB.cs: 行 83
2018/08/20 14:50:58>DB連線OPEN失敗:
MySql.Data.MySqlClient.MySqlException (0x80004005): Unable to connect to any of the specified MySQL hosts.
   於 MySql.Data.MySqlClient.NativeDriver.Open()
   於 MySql.Data.MySqlClient.Driver.Open()
   於 MySql.Data.MySqlClient.Driver.Create(MySqlConnectionStringBuilder settings)
   於 MySql.Data.MySqlClient.MySqlPool.CreateNewPooledConnection()
   於 MySql.Data.MySqlClient.MySqlPool.GetPooledConnection()
   於 MySql.Data.MySqlClient.MySqlPool.TryToGetDriver()
   於 MySql.Data.MySqlClient.MySqlPool.GetConnection()
   於 MySql.Data.MySqlClient.MySqlConnection.Open()
   於 AppWebAPI.Adapters.MariaDB.GoConn(MySqlConnection conn) 於 d:\Program\TPOSAPI_TCMS\AppWebAPI\Adapters\MariaDB.cs: 行 83
2018/08/20 16:02:17>SQL SELECT錯誤: SELECT DISTINCT DATA_TYPE, DATA FROM kaldi_test.RM_POS where 1 = 1
MySql.Data.MySqlClient.MySqlException (0x80004005): Unknown column 'DATA_TYPE' in 'field list'
   於 MySql.Data.MySqlClient.MySqlStream.ReadPacket()
   於 MySql.Data.MySqlClient.NativeDriver.GetResult(Int32& affectedRow, Int64& insertedId)
   於 MySql.Data.MySqlClient.Driver.GetResult(Int32 statementId, Int32& affectedRows, Int64& insertedId)
   於 MySql.Data.MySqlClient.Driver.NextResult(Int32 statementId, Boolean force)
   於 MySql.Data.MySqlClient.MySqlDataReader.NextResult()
   於 MySql.Data.MySqlClient.MySqlCommand.ExecuteReader(CommandBehavior behavior)
   於 MySql.Data.MySqlClient.MySqlCommand.ExecuteDbDataReader(CommandBehavior behavior)
   於 System.Data.Common.DbCommand.System.Data.IDbCommand.ExecuteReader(CommandBehavior behavior)
   於 System.Data.Common.DbDataAdapter.FillInternal(DataSet dataset, DataTable[] datatables, Int32 startRecord, Int32 maxRecords, String srcTable, IDbCommand command, CommandBehavior behavior)
   於 System.Data.Common.DbDataAdapter.Fill(DataTable[] dataTables, Int32 startRecord, Int32 maxRecords, IDbCommand command, CommandBehavior behavior)
   於 System.Data.Common.DbDataAdapter.Fill(DataTable dataTable)
   於 AppWebAPI.Adapters.MariaDB.GetData(String strSql) 於 d:\Program\TPOSAPI_TCMS\AppWebAPI\Adapters\MariaDB.cs: 行 157
