2018/09/07 00:05:38>SQL SELECT錯誤: SELECT * FROM lav_test.rs_goods_d d,lav_test.rs_goods_m m where d.GOODS_ID=m.GOODS_ID
MySql.Data.MySqlClient.MySqlException (0x80004005): Timeout expired.  The timeout period elapsed prior to completion of the operation or the server is not responding. ---> System.TimeoutException: Timeout in IO operation
   於 MySql.Data.MySqlClient.TimedStream.StopTimer()
   於 MySql.Data.MySqlClient.TimedStream.Read(Byte[] buffer, Int32 offset, Int32 count)
   於 System.IO.BufferedStream.Read(Byte[] array, Int32 offset, Int32 count)
   於 MySql.Data.MySqlClient.MySqlStream.ReadFully(Stream stream, Byte[] buffer, Int32 offset, Int32 count)
   於 MySql.Data.MySqlClient.MySqlStream.LoadPacket()
   於 MySql.Data.MySqlClient.MySqlStream.ReadPacket()
   於 MySql.Data.MySqlClient.NativeDriver.FetchDataRow(Int32 statementId, Int32 columns)
   於 MySql.Data.MySqlClient.Driver.FetchDataRow(Int32 statementId, Int32 columns)
   於 MySql.Data.MySqlClient.ResultSet.GetNextRow()
   於 MySql.Data.MySqlClient.ResultSet.NextRow(CommandBehavior behavior)
   於 MySql.Data.MySqlClient.MySqlDataReader.Read()
   於 MySql.Data.MySqlClient.ExceptionInterceptor.Throw(Exception exception)
   於 MySql.Data.MySqlClient.MySqlConnection.Throw(Exception ex)
   於 MySql.Data.MySqlClient.MySqlConnection.HandleTimeoutOrThreadAbort(Exception ex)
   於 MySql.Data.MySqlClient.MySqlDataReader.Read()
   於 System.Data.Common.DataAdapter.FillLoadDataRow(SchemaMapping mapping)
   於 System.Data.Common.DataAdapter.FillFromReader(DataSet dataset, DataTable datatable, String srcTable, DataReaderContainer dataReader, Int32 startRecord, Int32 maxRecords, DataColumn parentChapterColumn, Object parentChapterValue)
   於 System.Data.Common.DataAdapter.Fill(DataTable[] dataTables, IDataReader dataReader, Int32 startRecord, Int32 maxRecords)
   於 System.Data.Common.DbDataAdapter.FillInternal(DataSet dataset, DataTable[] datatables, Int32 startRecord, Int32 maxRecords, String srcTable, IDbCommand command, CommandBehavior behavior)
   於 System.Data.Common.DbDataAdapter.Fill(DataTable[] dataTables, Int32 startRecord, Int32 maxRecords, IDbCommand command, CommandBehavior behavior)
   於 System.Data.Common.DbDataAdapter.Fill(DataTable dataTable)
   於 AppWebAPI.Adapters.MariaDB.GetData(String strSql) 於 c:\公司\專案\TPOSAPI_TCMS\AppWebAPI\Adapters\MariaDB.cs: 行 155
