2018/10/05 10:04:21>{"Sales_Date":"2018-10-04","PosId":"999999"}
2018/10/05 10:59:52>{"Sales_Date":"2018/10/04,2018/10/03","PosId":"999999"}
2018/10/05 11:23:18>{"Sales_Date":"2018/10/03","PosId":"999999"}
2018/10/05 11:27:18>{"Sales_Date":"2018/10/03","PosId":"999999"}
2018/10/05 11:30:31>Till數量1
2018/10/05 11:30:31>{"pos_detail":[{"strtillcode":"000001","strtillname":"000001-000001","strstorecode":"0001","ysnactive":"T","strtilltype":"C","intPosfastkeyno":1,"strEinv_ysnenable":"T","strEinv_ysntestmode":"F","intPosfunckeyno":1,"intTillprofileno":1,"intDualmonitorno":0,"intTweinvprofileno":1,"strEinv_straccountid":"00145","strEinv_strposid":"000001","strEinv_straccesstoken":"4adf4034f056dc9e3010614f3d600505","strEinv_strshopid":"0001","intEinv_inttakerollcnt":0,"strEINV_STRHQCHECKFAILACTION":"W","strCompcode":"AEON","strStatus":"F"}]}
2018/10/05 11:30:33>{"pos_detail":[{"strtillcode":"000001","strtillname":"000001-000001","strstorecode":"0001","ysnactive":"T","strtilltype":"C","intPosfastkeyno":1,"strEinv_ysnenable":"T","strEinv_ysntestmode":"F","intPosfunckeyno":1,"intTillprofileno":1,"intDualmonitorno":0,"intTweinvprofileno":1,"strEinv_straccountid":"00145","strEinv_strposid":"000001","strEinv_straccesstoken":"4adf4034f056dc9e3010614f3d600505","strEinv_strshopid":"0001","intEinv_inttakerollcnt":0,"strEINV_STRHQCHECKFAILACTION":"W","strCompcode":"AEON","strStatus":"F"}]}
2018/10/05 11:30:40>Casher數量1
2018/10/05 11:30:41>{"account_id":null,"pos_id":null,"access_token":null,"casher_data":[{"strusercode":"0001","intposuserno":"0001","intpospassword":"12345","ysnactive":"T","strstorecode":"0001","strrolecode":"1","strareacode":"ALL","Strcompcode":"AEON"}]}
2018/10/05 11:31:00>Till數量1
2018/10/05 11:31:00>{"pos_detail":[{"strtillcode":"000001","strtillname":"000001-000001","strstorecode":"0001","ysnactive":"T","strtilltype":"C","intPosfastkeyno":1,"strEinv_ysnenable":"T","strEinv_ysntestmode":"F","intPosfunckeyno":1,"intTillprofileno":1,"intDualmonitorno":0,"intTweinvprofileno":1,"strEinv_straccountid":"00145","strEinv_strposid":"000001","strEinv_straccesstoken":"4adf4034f056dc9e3010614f3d600505","strEinv_strshopid":"0001","intEinv_inttakerollcnt":0,"strEINV_STRHQCHECKFAILACTION":"W","strCompcode":"AEON","strStatus":"F"}]}
2018/10/05 11:31:01>{"pos_detail":[{"strtillcode":"000001","strtillname":"000001-000001","strstorecode":"0001","ysnactive":"T","strtilltype":"C","intPosfastkeyno":1,"strEinv_ysnenable":"T","strEinv_ysntestmode":"F","intPosfunckeyno":1,"intTillprofileno":1,"intDualmonitorno":0,"intTweinvprofileno":1,"strEinv_straccountid":"00145","strEinv_strposid":"000001","strEinv_straccesstoken":"4adf4034f056dc9e3010614f3d600505","strEinv_strshopid":"0001","intEinv_inttakerollcnt":0,"strEINV_STRHQCHECKFAILACTION":"W","strCompcode":"AEON","strStatus":"F"}]}
2018/10/05 11:31:29>{"Sales_Date":"2018/10/03","PosId":"999999"}
2018/10/05 11:37:27>{"Sales_Date":"2018/10/03","PosId":"999999"}
2018/10/05 11:38:41>{"Sales_Date":"2018/10/03","PosId":"999999"}
2018/10/05 11:40:46>{"Sales_Date":"2018/10/04","PosId":"999999"}
2018/10/05 13:22:18>{"Sales_Date":"2018/10/03","PosId":"999999"}
2018/10/05 13:33:23>{"Sales_Date":"2018/10/03","PosId":"999999"}
2018/10/05 13:34:27>{"Sales_Date":"2018/10/03","PosId":"999999"}
2018/10/05 13:35:24>{"Sales_Date":"2018/10/03","PosId":"999999"}
2018/10/05 13:42:38>{"Sales_Date":"2018/10/03","PosId":"999999"}
