2018/09/25 09:36:18>SQL SELECT錯誤: SELECT m.SC_ID, m.BARCODE_ID, m.GOODS_NAME, m.TAX, m.LPRC_TAX, g. d.* FROM lav_test.rs_goods_d d,lav_test.rs_goods_m m where d.GOODS_ID=m.GOODS_ID and g.SC_ID = m.SC_ID d.SHOP_ID=0001
MySql.Data.MySqlClient.MySqlException (0x80004005): You have an error in your SQL syntax; check the manual that corresponds to your MariaDB server version for the right syntax to use near 'd.SHOP_ID=0001' at line 1
   於 MySql.Data.MySqlClient.MySqlStream.ReadPacket()
   於 MySql.Data.MySqlClient.NativeDriver.GetResult(Int32& affectedRow, Int64& insertedId)
   於 MySql.Data.MySqlClient.Driver.GetResult(Int32 statementId, Int32& affectedRows, Int64& insertedId)
   於 MySql.Data.MySqlClient.Driver.NextResult(Int32 statementId, Boolean force)
   於 MySql.Data.MySqlClient.MySqlDataReader.NextResult()
   於 MySql.Data.MySqlClient.MySqlCommand.ExecuteReader(CommandBehavior behavior)
   於 MySql.Data.MySqlClient.MySqlCommand.ExecuteDbDataReader(CommandBehavior behavior)
   於 System.Data.Common.DbCommand.System.Data.IDbCommand.ExecuteReader(CommandBehavior behavior)
   於 System.Data.Common.DbDataAdapter.FillInternal(DataSet dataset, DataTable[] datatables, Int32 startRecord, Int32 maxRecords, String srcTable, IDbCommand command, CommandBehavior behavior)
   於 System.Data.Common.DbDataAdapter.Fill(DataTable[] dataTables, Int32 startRecord, Int32 maxRecords, IDbCommand command, CommandBehavior behavior)
   於 System.Data.Common.DbDataAdapter.Fill(DataTable dataTable)
   於 AppWebAPI.Adapters.MariaDB.GetData(String strSql) 於 c:\公司\開發中\TPOSAPI_TCMS\AppWebAPI\Adapters\MariaDB.cs: 行 157
2018/09/25 09:37:13>SQL SELECT錯誤: SELECT m.SC_ID, m.BARCODE_ID, m.GOODS_NAME, m.TAX, m.LPRC_TAX, g. d.* FROM lav_test.rs_goods_d d,lav_test.rs_goods_m m where d.GOODS_ID=m.GOODS_ID and g.SC_ID = m.SC_ID d.SHOP_ID=0001
MySql.Data.MySqlClient.MySqlException (0x80004005): You have an error in your SQL syntax; check the manual that corresponds to your MariaDB server version for the right syntax to use near 'd.SHOP_ID=0001' at line 1
   於 MySql.Data.MySqlClient.MySqlStream.ReadPacket()
   於 MySql.Data.MySqlClient.NativeDriver.GetResult(Int32& affectedRow, Int64& insertedId)
   於 MySql.Data.MySqlClient.Driver.GetResult(Int32 statementId, Int32& affectedRows, Int64& insertedId)
   於 MySql.Data.MySqlClient.Driver.NextResult(Int32 statementId, Boolean force)
   於 MySql.Data.MySqlClient.MySqlDataReader.NextResult()
   於 MySql.Data.MySqlClient.MySqlCommand.ExecuteReader(CommandBehavior behavior)
   於 MySql.Data.MySqlClient.MySqlCommand.ExecuteDbDataReader(CommandBehavior behavior)
   於 System.Data.Common.DbCommand.System.Data.IDbCommand.ExecuteReader(CommandBehavior behavior)
   於 System.Data.Common.DbDataAdapter.FillInternal(DataSet dataset, DataTable[] datatables, Int32 startRecord, Int32 maxRecords, String srcTable, IDbCommand command, CommandBehavior behavior)
   於 System.Data.Common.DbDataAdapter.Fill(DataTable[] dataTables, Int32 startRecord, Int32 maxRecords, IDbCommand command, CommandBehavior behavior)
   於 System.Data.Common.DbDataAdapter.Fill(DataTable dataTable)
   於 AppWebAPI.Adapters.MariaDB.GetData(String strSql) 於 c:\公司\開發中\TPOSAPI_TCMS\AppWebAPI\Adapters\MariaDB.cs: 行 157
2018/09/25 09:37:13>SQL SELECT錯誤: SELECT * FROM rs_category
MySql.Data.MySqlClient.MySqlException (0x80004005): No database selected
   於 MySql.Data.MySqlClient.MySqlStream.ReadPacket()
   於 MySql.Data.MySqlClient.NativeDriver.GetResult(Int32& affectedRow, Int64& insertedId)
   於 MySql.Data.MySqlClient.Driver.GetResult(Int32 statementId, Int32& affectedRows, Int64& insertedId)
   於 MySql.Data.MySqlClient.Driver.NextResult(Int32 statementId, Boolean force)
   於 MySql.Data.MySqlClient.MySqlDataReader.NextResult()
   於 MySql.Data.MySqlClient.MySqlCommand.ExecuteReader(CommandBehavior behavior)
   於 MySql.Data.MySqlClient.MySqlCommand.ExecuteDbDataReader(CommandBehavior behavior)
   於 System.Data.Common.DbCommand.System.Data.IDbCommand.ExecuteReader(CommandBehavior behavior)
   於 System.Data.Common.DbDataAdapter.FillInternal(DataSet dataset, DataTable[] datatables, Int32 startRecord, Int32 maxRecords, String srcTable, IDbCommand command, CommandBehavior behavior)
   於 System.Data.Common.DbDataAdapter.Fill(DataTable[] dataTables, Int32 startRecord, Int32 maxRecords, IDbCommand command, CommandBehavior behavior)
   於 System.Data.Common.DbDataAdapter.Fill(DataTable dataTable)
   於 AppWebAPI.Adapters.MariaDB.GetData(String strSql) 於 c:\公司\開發中\TPOSAPI_TCMS\AppWebAPI\Adapters\MariaDB.cs: 行 157
2018/09/25 09:44:45>SQL SELECT錯誤: SELECT * FROM rs_category
MySql.Data.MySqlClient.MySqlException (0x80004005): No database selected
   於 MySql.Data.MySqlClient.MySqlStream.ReadPacket()
   於 MySql.Data.MySqlClient.NativeDriver.GetResult(Int32& affectedRow, Int64& insertedId)
   於 MySql.Data.MySqlClient.Driver.GetResult(Int32 statementId, Int32& affectedRows, Int64& insertedId)
   於 MySql.Data.MySqlClient.Driver.NextResult(Int32 statementId, Boolean force)
   於 MySql.Data.MySqlClient.MySqlDataReader.NextResult()
   於 MySql.Data.MySqlClient.MySqlCommand.ExecuteReader(CommandBehavior behavior)
   於 MySql.Data.MySqlClient.MySqlCommand.ExecuteDbDataReader(CommandBehavior behavior)
   於 System.Data.Common.DbCommand.System.Data.IDbCommand.ExecuteReader(CommandBehavior behavior)
   於 System.Data.Common.DbDataAdapter.FillInternal(DataSet dataset, DataTable[] datatables, Int32 startRecord, Int32 maxRecords, String srcTable, IDbCommand command, CommandBehavior behavior)
   於 System.Data.Common.DbDataAdapter.Fill(DataTable[] dataTables, Int32 startRecord, Int32 maxRecords, IDbCommand command, CommandBehavior behavior)
   於 System.Data.Common.DbDataAdapter.Fill(DataTable dataTable)
   於 AppWebAPI.Adapters.MariaDB.GetData(String strSql) 於 c:\公司\開發中\TPOSAPI_TCMS\AppWebAPI\Adapters\MariaDB.cs: 行 157
